2023-12-04 15:11:30,564 INFO: 
                ____                _       _____  ____
               / __ ) ____ _ _____ (_)_____/ ___/ / __ \
              / __  |/ __ `// ___// // ___/\__ \ / /_/ /
             / /_/ // /_/ /(__  )/ // /__ ___/ // _, _/
            /_____/ \__,_//____//_/ \___//____//_/ |_|
     ______                   __   __                 __      __
    / ____/____   ____   ____/ /  / /   __  __ _____ / /__   / /
   / / __ / __ \ / __ \ / __  /  / /   / / / // ___// //_/  / /
  / /_/ // /_/ // /_/ // /_/ /  / /___/ /_/ // /__ / /<    /_/
  \____/ \____/ \____/ \____/  /_____/\____/ \___//_/|_|  (_)
    
Version Information: 
	BasicSR: 1.4.2
	PyTorch: 2.0.0
	TorchVision: 0.15.0
2023-12-04 15:11:30,564 INFO: 
  name: debug_SAFMNet_train_DIV2K_100w_x4SR
  model_type: SRModel
  scale: 4
  num_gpu: 1
  manual_seed: 10
  datasets:[
    train:[
      name: DIV2K
      type: PairedImageDataset
      dataroot_gt: /data1/zhengmingjun/DIV2K/DIV2K_train_HR_sub
      dataroot_lq: /data1/zhengmingjun/DIV2K/DIV2K_train_LR_bicubic/X4_sub
      filename_tmpl: {}
      io_backend:[
        type: disk
      ]
      gt_size: 256
      use_hflip: True
      use_rot: True
      use_shuffle: True
      num_worker_per_gpu: 8
      batch_size_per_gpu: 64
      dataset_enlarge_ratio: 10
      prefetch_mode: None
      phase: train
      scale: 4
    ]
    val:[
      name: Set5
      type: PairedImageDataset
      dataroot_gt: /data0/zhengmingjun/Benchmarks/Set5/HR
      dataroot_lq: /data0/zhengmingjun/Benchmarks/Set5/LR_bicubic/X4
      filename_tmpl: {}x4
      io_backend:[
        type: disk
      ]
      phase: val
      scale: 4
    ]
  ]
  network_g:[
    type: SMFANet
    dim: 36
    n_blocks: 8
    ffn_scale: 2
    upscaling_factor: 4
  ]
  path:[
    pretrain_network_g: None
    strict_load_g: False
    resume_state: None
    experiments_root: /data1/zhengmingjun/SMFANet/experiments/debug_SAFMNet_train_DIV2K_100w_x4SR
    models: /data1/zhengmingjun/SMFANet/experiments/debug_SAFMNet_train_DIV2K_100w_x4SR/models
    training_states: /data1/zhengmingjun/SMFANet/experiments/debug_SAFMNet_train_DIV2K_100w_x4SR/training_states
    log: /data1/zhengmingjun/SMFANet/experiments/debug_SAFMNet_train_DIV2K_100w_x4SR
    visualization: /data1/zhengmingjun/SMFANet/experiments/debug_SAFMNet_train_DIV2K_100w_x4SR/visualization
  ]
  train:[
    ema_decay: 0.999
    optim_g:[
      type: Adam
      lr: 0.001
      weight_decay: 0
      betas: [0.9, 0.99]
    ]
    scheduler:[
      type: CosineAnnealingRestartLR
      periods: [1000000]
      restart_weights: [1]
      eta_min: 1e-06
    ]
    total_iter: 1000000
    warmup_iter: -1
    pixel_opt:[
      type: L1Loss
      loss_weight: 1.0
      reduction: mean
    ]
    fft_opt:[
      type: FFTLoss
      loss_weight: 0.05
      reduction: mean
    ]
  ]
  val:[
    val_freq: 8
    save_img: False
    pbar: False
    metrics:[
      psnr:[
        type: calculate_psnr
        crop_border: 4
        test_y_channel: True
        better: higher
      ]
      ssim:[
        type: calculate_ssim
        crop_border: 4
        test_y_channel: True
        better: higher
      ]
    ]
  ]
  logger:[
    print_freq: 1
    save_checkpoint_freq: 8
    use_tb_logger: True
    wandb:[
      project: None
      resume_id: None
    ]
  ]
  dist_params:[
    backend: nccl
    port: 29500
  ]
  dist: False
  rank: 0
  world_size: 1
  auto_resume: False
  is_train: True
  root_path: /data1/zhengmingjun/SMFANet

2023-12-04 15:11:37,451 INFO: Dataset [PairedImageDataset] - DIV2K is built.
2023-12-04 15:11:37,453 INFO: Training statistics:
	Number of train images: 32592
	Dataset enlarge ratio: 10
	Batch size per gpu: 64
	World size (gpu number): 1
	Require iter number per epoch: 5093
	Total epochs: 197; iters: 1000000.
2023-12-04 15:11:37,454 INFO: Dataset [PairedImageDataset] - Set5 is built.
2023-12-04 15:11:37,454 INFO: Number of val images/folders in Set5: 5
2023-12-04 15:11:37,499 INFO: Network [SMFANet] is created.
2023-12-04 15:11:37,678 INFO: Network: SMFANet, with parameters: 197,328
2023-12-04 15:11:37,678 INFO: SMFANet(
  (to_feat): Conv2d(3, 36, kernel_size=(3, 3), stride=(1, 1), padding=(1, 1))
  (feats): Sequential(
    (0): FMB(
      (smfa): SMFA(
        (linear_0): Conv2d(36, 72, kernel_size=(1, 1), stride=(1, 1))
        (linear_1): Conv2d(36, 36, kernel_size=(1, 1), stride=(1, 1))
        (linear_2): Conv2d(36, 36, kernel_size=(1, 1), stride=(1, 1))
        (lde): DMlp(
          (conv_0): Sequential(
            (0): Conv2d(36, 72, kernel_size=(3, 3), stride=(1, 1), padding=(1, 1), groups=36)
            (1): Conv2d(72, 72, kernel_size=(1, 1), stride=(1, 1))
          )
          (act): GELU(approximate='none')
          (conv_1): Conv2d(72, 36, kernel_size=(1, 1), stride=(1, 1))
        )
        (dw_conv): Conv2d(36, 36, kernel_size=(3, 3), stride=(1, 1), padding=(1, 1), groups=36)
        (gelu): GELU(approximate='none')
      )
      (pcfn): PCFN(
        (conv_0): Conv2d(36, 72, kernel_size=(1, 1), stride=(1, 1))
        (conv_1): Conv2d(18, 18, kernel_size=(3, 3), stride=(1, 1), padding=(1, 1))
        (act): GELU(approximate='none')
        (conv_2): Conv2d(72, 36, kernel_size=(1, 1), stride=(1, 1))
      )
    )
    (1): FMB(
      (smfa): SMFA(
        (linear_0): Conv2d(36, 72, kernel_size=(1, 1), stride=(1, 1))
        (linear_1): Conv2d(36, 36, kernel_size=(1, 1), stride=(1, 1))
        (linear_2): Conv2d(36, 36, kernel_size=(1, 1), stride=(1, 1))
        (lde): DMlp(
          (conv_0): Sequential(
            (0): Conv2d(36, 72, kernel_size=(3, 3), stride=(1, 1), padding=(1, 1), groups=36)
            (1): Conv2d(72, 72, kernel_size=(1, 1), stride=(1, 1))
          )
          (act): GELU(approximate='none')
          (conv_1): Conv2d(72, 36, kernel_size=(1, 1), stride=(1, 1))
        )
        (dw_conv): Conv2d(36, 36, kernel_size=(3, 3), stride=(1, 1), padding=(1, 1), groups=36)
        (gelu): GELU(approximate='none')
      )
      (pcfn): PCFN(
        (conv_0): Conv2d(36, 72, kernel_size=(1, 1), stride=(1, 1))
        (conv_1): Conv2d(18, 18, kernel_size=(3, 3), stride=(1, 1), padding=(1, 1))
        (act): GELU(approximate='none')
        (conv_2): Conv2d(72, 36, kernel_size=(1, 1), stride=(1, 1))
      )
    )
    (2): FMB(
      (smfa): SMFA(
        (linear_0): Conv2d(36, 72, kernel_size=(1, 1), stride=(1, 1))
        (linear_1): Conv2d(36, 36, kernel_size=(1, 1), stride=(1, 1))
        (linear_2): Conv2d(36, 36, kernel_size=(1, 1), stride=(1, 1))
        (lde): DMlp(
          (conv_0): Sequential(
            (0): Conv2d(36, 72, kernel_size=(3, 3), stride=(1, 1), padding=(1, 1), groups=36)
            (1): Conv2d(72, 72, kernel_size=(1, 1), stride=(1, 1))
          )
          (act): GELU(approximate='none')
          (conv_1): Conv2d(72, 36, kernel_size=(1, 1), stride=(1, 1))
        )
        (dw_conv): Conv2d(36, 36, kernel_size=(3, 3), stride=(1, 1), padding=(1, 1), groups=36)
        (gelu): GELU(approximate='none')
      )
      (pcfn): PCFN(
        (conv_0): Conv2d(36, 72, kernel_size=(1, 1), stride=(1, 1))
        (conv_1): Conv2d(18, 18, kernel_size=(3, 3), stride=(1, 1), padding=(1, 1))
        (act): GELU(approximate='none')
        (conv_2): Conv2d(72, 36, kernel_size=(1, 1), stride=(1, 1))
      )
    )
    (3): FMB(
      (smfa): SMFA(
        (linear_0): Conv2d(36, 72, kernel_size=(1, 1), stride=(1, 1))
        (linear_1): Conv2d(36, 36, kernel_size=(1, 1), stride=(1, 1))
        (linear_2): Conv2d(36, 36, kernel_size=(1, 1), stride=(1, 1))
        (lde): DMlp(
          (conv_0): Sequential(
            (0): Conv2d(36, 72, kernel_size=(3, 3), stride=(1, 1), padding=(1, 1), groups=36)
            (1): Conv2d(72, 72, kernel_size=(1, 1), stride=(1, 1))
          )
          (act): GELU(approximate='none')
          (conv_1): Conv2d(72, 36, kernel_size=(1, 1), stride=(1, 1))
        )
        (dw_conv): Conv2d(36, 36, kernel_size=(3, 3), stride=(1, 1), padding=(1, 1), groups=36)
        (gelu): GELU(approximate='none')
      )
      (pcfn): PCFN(
        (conv_0): Conv2d(36, 72, kernel_size=(1, 1), stride=(1, 1))
        (conv_1): Conv2d(18, 18, kernel_size=(3, 3), stride=(1, 1), padding=(1, 1))
        (act): GELU(approximate='none')
        (conv_2): Conv2d(72, 36, kernel_size=(1, 1), stride=(1, 1))
      )
    )
    (4): FMB(
      (smfa): SMFA(
        (linear_0): Conv2d(36, 72, kernel_size=(1, 1), stride=(1, 1))
        (linear_1): Conv2d(36, 36, kernel_size=(1, 1), stride=(1, 1))
        (linear_2): Conv2d(36, 36, kernel_size=(1, 1), stride=(1, 1))
        (lde): DMlp(
          (conv_0): Sequential(
            (0): Conv2d(36, 72, kernel_size=(3, 3), stride=(1, 1), padding=(1, 1), groups=36)
            (1): Conv2d(72, 72, kernel_size=(1, 1), stride=(1, 1))
          )
          (act): GELU(approximate='none')
          (conv_1): Conv2d(72, 36, kernel_size=(1, 1), stride=(1, 1))
        )
        (dw_conv): Conv2d(36, 36, kernel_size=(3, 3), stride=(1, 1), padding=(1, 1), groups=36)
        (gelu): GELU(approximate='none')
      )
      (pcfn): PCFN(
        (conv_0): Conv2d(36, 72, kernel_size=(1, 1), stride=(1, 1))
        (conv_1): Conv2d(18, 18, kernel_size=(3, 3), stride=(1, 1), padding=(1, 1))
        (act): GELU(approximate='none')
        (conv_2): Conv2d(72, 36, kernel_size=(1, 1), stride=(1, 1))
      )
    )
    (5): FMB(
      (smfa): SMFA(
        (linear_0): Conv2d(36, 72, kernel_size=(1, 1), stride=(1, 1))
        (linear_1): Conv2d(36, 36, kernel_size=(1, 1), stride=(1, 1))
        (linear_2): Conv2d(36, 36, kernel_size=(1, 1), stride=(1, 1))
        (lde): DMlp(
          (conv_0): Sequential(
            (0): Conv2d(36, 72, kernel_size=(3, 3), stride=(1, 1), padding=(1, 1), groups=36)
            (1): Conv2d(72, 72, kernel_size=(1, 1), stride=(1, 1))
          )
          (act): GELU(approximate='none')
          (conv_1): Conv2d(72, 36, kernel_size=(1, 1), stride=(1, 1))
        )
        (dw_conv): Conv2d(36, 36, kernel_size=(3, 3), stride=(1, 1), padding=(1, 1), groups=36)
        (gelu): GELU(approximate='none')
      )
      (pcfn): PCFN(
        (conv_0): Conv2d(36, 72, kernel_size=(1, 1), stride=(1, 1))
        (conv_1): Conv2d(18, 18, kernel_size=(3, 3), stride=(1, 1), padding=(1, 1))
        (act): GELU(approximate='none')
        (conv_2): Conv2d(72, 36, kernel_size=(1, 1), stride=(1, 1))
      )
    )
    (6): FMB(
      (smfa): SMFA(
        (linear_0): Conv2d(36, 72, kernel_size=(1, 1), stride=(1, 1))
        (linear_1): Conv2d(36, 36, kernel_size=(1, 1), stride=(1, 1))
        (linear_2): Conv2d(36, 36, kernel_size=(1, 1), stride=(1, 1))
        (lde): DMlp(
          (conv_0): Sequential(
            (0): Conv2d(36, 72, kernel_size=(3, 3), stride=(1, 1), padding=(1, 1), groups=36)
            (1): Conv2d(72, 72, kernel_size=(1, 1), stride=(1, 1))
          )
          (act): GELU(approximate='none')
          (conv_1): Conv2d(72, 36, kernel_size=(1, 1), stride=(1, 1))
        )
        (dw_conv): Conv2d(36, 36, kernel_size=(3, 3), stride=(1, 1), padding=(1, 1), groups=36)
        (gelu): GELU(approximate='none')
      )
      (pcfn): PCFN(
        (conv_0): Conv2d(36, 72, kernel_size=(1, 1), stride=(1, 1))
        (conv_1): Conv2d(18, 18, kernel_size=(3, 3), stride=(1, 1), padding=(1, 1))
        (act): GELU(approximate='none')
        (conv_2): Conv2d(72, 36, kernel_size=(1, 1), stride=(1, 1))
      )
    )
    (7): FMB(
      (smfa): SMFA(
        (linear_0): Conv2d(36, 72, kernel_size=(1, 1), stride=(1, 1))
        (linear_1): Conv2d(36, 36, kernel_size=(1, 1), stride=(1, 1))
        (linear_2): Conv2d(36, 36, kernel_size=(1, 1), stride=(1, 1))
        (lde): DMlp(
          (conv_0): Sequential(
            (0): Conv2d(36, 72, kernel_size=(3, 3), stride=(1, 1), padding=(1, 1), groups=36)
            (1): Conv2d(72, 72, kernel_size=(1, 1), stride=(1, 1))
          )
          (act): GELU(approximate='none')
          (conv_1): Conv2d(72, 36, kernel_size=(1, 1), stride=(1, 1))
        )
        (dw_conv): Conv2d(36, 36, kernel_size=(3, 3), stride=(1, 1), padding=(1, 1), groups=36)
        (gelu): GELU(approximate='none')
      )
      (pcfn): PCFN(
        (conv_0): Conv2d(36, 72, kernel_size=(1, 1), stride=(1, 1))
        (conv_1): Conv2d(18, 18, kernel_size=(3, 3), stride=(1, 1), padding=(1, 1))
        (act): GELU(approximate='none')
        (conv_2): Conv2d(72, 36, kernel_size=(1, 1), stride=(1, 1))
      )
    )
  )
  (to_img): Sequential(
    (0): Conv2d(36, 48, kernel_size=(3, 3), stride=(1, 1), padding=(1, 1))
    (1): PixelShuffle(upscale_factor=4)
  )
)
2023-12-04 15:11:37,679 INFO: Use Exponential Moving Average with decay: 0.999
2023-12-04 15:11:37,689 INFO: Network [SMFANet] is created.
2023-12-04 15:11:37,713 INFO: Loss [L1Loss] is created.
2023-12-04 15:11:37,714 INFO: Loss [FFTLoss] is created.
2023-12-04 15:11:37,715 INFO: Model [SRModel] is created.
2023-12-04 15:11:37,894 INFO: Start training from epoch: 0, iter: 0
2023-12-04 15:11:39,707 INFO: [debug..][epoch:  0, iter:       1, lr:(1.000e-03,)] [eta: 0:01:18, time (data): 1.811 (0.822)] l_pix: 4.7016e-01 f_pix: 6.8678e-01 
2023-12-04 15:11:39,812 INFO: [debug..][epoch:  0, iter:       2, lr:(1.000e-03,)] [eta: 9:48:08, time (data): 0.958 (0.415)] l_pix: 3.5117e-01 f_pix: 6.6488e-01 
2023-12-04 15:11:39,911 INFO: [debug..][epoch:  0, iter:       3, lr:(1.000e-03,)] [eta: 14:11:44, time (data): 0.672 (0.280)] l_pix: 2.4459e-01 f_pix: 6.0161e-01 
2023-12-04 15:11:40,009 INFO: [debug..][epoch:  0, iter:       4, lr:(1.000e-03,)] [eta: 16:46:36, time (data): 0.528 (0.212)] l_pix: 1.7472e-01 f_pix: 5.8309e-01 
2023-12-04 15:11:40,104 INFO: [debug..][epoch:  0, iter:       5, lr:(1.000e-03,)] [eta: 18:24:45, time (data): 0.441 (0.171)] l_pix: 1.4727e-01 f_pix: 5.1184e-01 
2023-12-04 15:11:40,201 INFO: [debug..][epoch:  0, iter:       6, lr:(1.000e-03,)] [eta: 19:36:43, time (data): 0.384 (0.144)] l_pix: 1.2908e-01 f_pix: 5.6858e-01 
2023-12-04 15:11:40,296 INFO: [debug..][epoch:  0, iter:       7, lr:(1.000e-03,)] [eta: 20:27:07, time (data): 0.343 (0.125)] l_pix: 1.1509e-01 f_pix: 5.0854e-01 
2023-12-04 15:11:40,391 INFO: [debug..][epoch:  0, iter:       8, lr:(1.000e-03,)] [eta: 21:07:36, time (data): 0.312 (0.110)] l_pix: 1.0402e-01 f_pix: 4.2830e-01 
2023-12-04 15:11:40,391 INFO: Saving models and training states.
2023-12-04 15:11:41,211 INFO: Validation Set5
	 # psnr: 9.1575	Best: 9.1575 @ 8 iter
	 # ssim: 0.0602	Best: 0.0602 @ 8 iter

2023-12-04 15:11:41,345 INFO: [debug..][epoch:  0, iter:       9, lr:(1.000e-03,)] [eta: 1 day, 21:30:57, time (data): 0.292 (0.100)] l_pix: 1.0957e-01 f_pix: 4.6949e-01 
2023-12-04 15:11:41,441 INFO: [debug..][epoch:  0, iter:      10, lr:(1.000e-03,)] [eta: 1 day, 19:47:20, time (data): 0.272 (0.091)] l_pix: 1.0506e-01 f_pix: 4.5783e-01 
2023-12-04 15:11:41,539 INFO: [debug..][epoch:  0, iter:      11, lr:(1.000e-03,)] [eta: 1 day, 18:24:41, time (data): 0.256 (0.083)] l_pix: 9.9780e-02 f_pix: 4.4913e-01 
2023-12-04 15:11:41,637 INFO: [debug..][epoch:  0, iter:      12, lr:(1.000e-03,)] [eta: 1 day, 17:15:14, time (data): 0.243 (0.077)] l_pix: 1.0073e-01 f_pix: 4.2637e-01 
2023-12-04 15:11:41,732 INFO: [debug..][epoch:  0, iter:      13, lr:(1.000e-03,)] [eta: 1 day, 16:11:39, time (data): 0.232 (0.072)] l_pix: 8.4670e-02 f_pix: 3.6881e-01 
2023-12-04 15:11:41,829 INFO: [debug..][epoch:  0, iter:      14, lr:(1.000e-03,)] [eta: 1 day, 15:17:42, time (data): 0.222 (0.067)] l_pix: 8.0308e-02 f_pix: 3.7350e-01 
2023-12-04 15:11:41,927 INFO: [debug..][epoch:  0, iter:      15, lr:(1.000e-03,)] [eta: 1 day, 14:32:35, time (data): 0.214 (0.063)] l_pix: 7.6797e-02 f_pix: 4.4346e-01 
2023-12-04 15:11:42,033 INFO: [debug..][epoch:  0, iter:      16, lr:(1.000e-03,)] [eta: 1 day, 14:00:31, time (data): 0.207 (0.060)] l_pix: 7.8841e-02 f_pix: 4.2463e-01 
2023-12-04 15:11:42,033 INFO: Saving models and training states.
2023-12-04 15:11:42,534 INFO: Validation Set5
	 # psnr: 9.2010	Best: 9.2010 @ 16 iter
	 # ssim: 0.0609	Best: 0.0609 @ 16 iter

2023-12-04 15:11:42,663 INFO: [debug..][epoch:  0, iter:      17, lr:(1.000e-03,)] [eta: 1 day, 21:37:18, time (data): 0.202 (0.057)] l_pix: 7.4734e-02 f_pix: 4.1803e-01 
2023-12-04 15:11:42,765 INFO: [debug..][epoch:  0, iter:      18, lr:(1.000e-03,)] [eta: 1 day, 20:42:48, time (data): 0.197 (0.055)] l_pix: 7.4128e-02 f_pix: 3.8784e-01 
2023-12-04 15:11:42,862 INFO: [debug..][epoch:  0, iter:      19, lr:(1.000e-03,)] [eta: 1 day, 19:49:41, time (data): 0.192 (0.053)] l_pix: 7.1604e-02 f_pix: 3.9370e-01 
2023-12-04 15:11:42,966 INFO: [debug..][epoch:  0, iter:      20, lr:(1.000e-03,)] [eta: 1 day, 19:06:44, time (data): 0.187 (0.051)] l_pix: 6.4533e-02 f_pix: 3.4789e-01 
2023-12-04 15:11:43,071 INFO: [debug..][epoch:  0, iter:      21, lr:(1.000e-03,)] [eta: 1 day, 18:28:35, time (data): 0.183 (0.049)] l_pix: 6.3901e-02 f_pix: 3.6053e-01 
2023-12-04 15:11:43,172 INFO: [debug..][epoch:  0, iter:      22, lr:(1.000e-03,)] [eta: 1 day, 17:51:23, time (data): 0.179 (0.047)] l_pix: 6.5439e-02 f_pix: 3.8195e-01 
2023-12-04 15:11:43,271 INFO: [debug..][epoch:  0, iter:      23, lr:(1.000e-03,)] [eta: 1 day, 17:15:14, time (data): 0.176 (0.045)] l_pix: 6.2246e-02 f_pix: 3.6616e-01 
2023-12-04 15:11:43,371 INFO: [debug..][epoch:  0, iter:      24, lr:(1.000e-03,)] [eta: 1 day, 16:43:04, time (data): 0.173 (0.044)] l_pix: 6.4133e-02 f_pix: 3.8884e-01 
2023-12-04 15:11:43,371 INFO: Saving models and training states.
2023-12-04 15:11:43,876 INFO: Validation Set5
	 # psnr: 9.2534	Best: 9.2534 @ 24 iter
	 # ssim: 0.0617	Best: 0.0617 @ 24 iter

2023-12-04 15:11:44,003 INFO: [debug..][epoch:  0, iter:      25, lr:(1.000e-03,)] [eta: 1 day, 21:54:05, time (data): 0.171 (0.043)] l_pix: 6.2651e-02 f_pix: 3.8997e-01 
2023-12-04 15:11:44,100 INFO: [debug..][epoch:  0, iter:      26, lr:(1.000e-03,)] [eta: 1 day, 21:11:59, time (data): 0.168 (0.041)] l_pix: 6.7501e-02 f_pix: 3.9197e-01 
2023-12-04 15:11:44,196 INFO: [debug..][epoch:  0, iter:      27, lr:(1.000e-03,)] [eta: 1 day, 20:32:14, time (data): 0.165 (0.040)] l_pix: 5.7412e-02 f_pix: 3.3137e-01 
2023-12-04 15:11:44,300 INFO: [debug..][epoch:  0, iter:      28, lr:(1.000e-03,)] [eta: 1 day, 19:59:51, time (data): 0.163 (0.039)] l_pix: 5.7966e-02 f_pix: 3.3919e-01 
2023-12-04 15:11:44,402 INFO: [debug..][epoch:  0, iter:      29, lr:(1.000e-03,)] [eta: 1 day, 19:28:14, time (data): 0.161 (0.038)] l_pix: 5.6084e-02 f_pix: 3.6414e-01 
2023-12-04 15:11:44,501 INFO: [debug..][epoch:  0, iter:      30, lr:(1.000e-03,)] [eta: 1 day, 18:57:45, time (data): 0.159 (0.037)] l_pix: 4.7872e-02 f_pix: 2.9975e-01 
2023-12-04 15:11:44,601 INFO: [debug..][epoch:  0, iter:      31, lr:(1.000e-03,)] [eta: 1 day, 18:29:03, time (data): 0.157 (0.037)] l_pix: 5.7773e-02 f_pix: 3.7290e-01 
2023-12-04 15:11:44,702 INFO: [debug..][epoch:  0, iter:      32, lr:(1.000e-03,)] [eta: 1 day, 18:02:41, time (data): 0.155 (0.036)] l_pix: 5.8258e-02 f_pix: 3.6314e-01 
2023-12-04 15:11:44,702 INFO: Saving models and training states.
2023-12-04 15:11:45,211 INFO: Validation Set5
	 # psnr: 9.3103	Best: 9.3103 @ 32 iter
	 # ssim: 0.0627	Best: 0.0627 @ 32 iter

2023-12-04 15:11:45,322 INFO: [debug..][epoch:  0, iter:      33, lr:(1.000e-03,)] [eta: 1 day, 21:52:27, time (data): 0.154 (0.035)] l_pix: 5.1453e-02 f_pix: 3.1746e-01 
2023-12-04 15:11:45,420 INFO: [debug..][epoch:  0, iter:      34, lr:(1.000e-03,)] [eta: 1 day, 21:20:26, time (data): 0.152 (0.034)] l_pix: 4.7241e-02 f_pix: 3.0343e-01 
2023-12-04 15:11:45,517 INFO: [debug..][epoch:  0, iter:      35, lr:(1.000e-03,)] [eta: 1 day, 20:49:41, time (data): 0.151 (0.034)] l_pix: 5.2170e-02 f_pix: 2.7829e-01 
2023-12-04 15:11:45,624 INFO: [debug..][epoch:  0, iter:      36, lr:(1.000e-03,)] [eta: 1 day, 20:25:28, time (data): 0.149 (0.033)] l_pix: 5.1669e-02 f_pix: 3.3161e-01 
2023-12-04 15:11:45,729 INFO: [debug..][epoch:  0, iter:      37, lr:(1.000e-03,)] [eta: 1 day, 20:01:05, time (data): 0.148 (0.032)] l_pix: 5.4112e-02 f_pix: 3.2998e-01 
