2023-12-04 14:53:10,363 INFO: 
                ____                _       _____  ____
               / __ ) ____ _ _____ (_)_____/ ___/ / __ \
              / __  |/ __ `// ___// // ___/\__ \ / /_/ /
             / /_/ // /_/ /(__  )/ // /__ ___/ // _, _/
            /_____/ \__,_//____//_/ \___//____//_/ |_|
     ______                   __   __                 __      __
    / ____/____   ____   ____/ /  / /   __  __ _____ / /__   / /
   / / __ / __ \ / __ \ / __  /  / /   / / / // ___// //_/  / /
  / /_/ // /_/ // /_/ // /_/ /  / /___/ /_/ // /__ / /<    /_/
  \____/ \____/ \____/ \____/  /_____/\____/ \___//_/|_|  (_)
    
Version Information: 
	BasicSR: 1.4.2
	PyTorch: 2.0.0
	TorchVision: 0.15.0
2023-12-04 14:53:10,364 INFO: 
  name: debug_SAFMNet_train_DIV2K_50w_x4SR
  model_type: SRModel
  scale: 4
  num_gpu: 1
  manual_seed: 10
  datasets:[
    train:[
      name: DIV2K
      type: PairedImageDataset
      dataroot_gt: /data1/zhengmingjun/DIV2K/DIV2K_train_HR_sub
      dataroot_lq: /data1/zhengmingjun/DIV2K/DIV2K_train_LR_bicubic/X4_sub
      filename_tmpl: {}
      io_backend:[
        type: disk
      ]
      gt_size: 256
      use_hflip: True
      use_rot: True
      use_shuffle: True
      num_worker_per_gpu: 8
      batch_size_per_gpu: 64
      dataset_enlarge_ratio: 10
      prefetch_mode: None
      phase: train
      scale: 4
    ]
    val:[
      name: Set5
      type: PairedImageDataset
      dataroot_gt: /data0/zhengmingjun/Benchmarks/Set5/HR
      dataroot_lq: /data0/zhengmingjun/Benchmarks/Set5/LR_bicubic/X4
      filename_tmpl: {}x4
      io_backend:[
        type: disk
      ]
      phase: val
      scale: 4
    ]
  ]
  network_g:[
    type: SMFANet
    dim: 36
    n_blocks: 8
    ffn_scale: 2
    upscaling_factor: 4
  ]
  path:[
    pretrain_network_g: None
    strict_load_g: False
    resume_state: None
    experiments_root: /data1/zhengmingjun/SMFANet/experiments/debug_SAFMNet_train_DIV2K_50w_x4SR
    models: /data1/zhengmingjun/SMFANet/experiments/debug_SAFMNet_train_DIV2K_50w_x4SR/models
    training_states: /data1/zhengmingjun/SMFANet/experiments/debug_SAFMNet_train_DIV2K_50w_x4SR/training_states
    log: /data1/zhengmingjun/SMFANet/experiments/debug_SAFMNet_train_DIV2K_50w_x4SR
    visualization: /data1/zhengmingjun/SMFANet/experiments/debug_SAFMNet_train_DIV2K_50w_x4SR/visualization
  ]
  train:[
    ema_decay: 0.999
    optim_g:[
      type: Adam
      lr: 0.001
      weight_decay: 0
      betas: [0.9, 0.99]
    ]
    scheduler:[
      type: CosineAnnealingRestartLR
      periods: [500000]
      restart_weights: [1]
      eta_min: 1e-06
    ]
    total_iter: 500000
    warmup_iter: -1
    pixel_opt:[
      type: L1Loss
      loss_weight: 1.0
      reduction: mean
    ]
    fft_opt:[
      type: FFTLoss
      loss_weight: 0.05
      reduction: mean
    ]
  ]
  val:[
    val_freq: 8
    save_img: False
    pbar: False
    metrics:[
      psnr:[
        type: calculate_psnr
        crop_border: 4
        test_y_channel: True
        better: higher
      ]
      ssim:[
        type: calculate_ssim
        crop_border: 4
        test_y_channel: True
        better: higher
      ]
    ]
  ]
  logger:[
    print_freq: 1
    save_checkpoint_freq: 8
    use_tb_logger: True
    wandb:[
      project: None
      resume_id: None
    ]
  ]
  dist_params:[
    backend: nccl
    port: 29500
  ]
  dist: False
  rank: 0
  world_size: 1
  auto_resume: False
  is_train: True
  root_path: /data1/zhengmingjun/SMFANet

2023-12-04 14:53:17,083 INFO: Dataset [PairedImageDataset] - DIV2K is built.
2023-12-04 14:53:17,084 INFO: Training statistics:
	Number of train images: 32592
	Dataset enlarge ratio: 10
	Batch size per gpu: 64
	World size (gpu number): 1
	Require iter number per epoch: 5093
	Total epochs: 99; iters: 500000.
2023-12-04 14:53:17,084 INFO: Dataset [PairedImageDataset] - Set5 is built.
2023-12-04 14:53:17,084 INFO: Number of val images/folders in Set5: 5
2023-12-04 14:53:17,122 INFO: Network [SMFANet] is created.
2023-12-04 14:53:17,275 INFO: Network: SMFANet, with parameters: 197,328
2023-12-04 14:53:17,276 INFO: SMFANet(
  (to_feat): Conv2d(3, 36, kernel_size=(3, 3), stride=(1, 1), padding=(1, 1))
  (feats): Sequential(
    (0): FMB(
      (smfa): SMFA(
        (linear_0): Conv2d(36, 72, kernel_size=(1, 1), stride=(1, 1))
        (linear_1): Conv2d(36, 36, kernel_size=(1, 1), stride=(1, 1))
        (linear_2): Conv2d(36, 36, kernel_size=(1, 1), stride=(1, 1))
        (lde): DMlp(
          (conv_0): Sequential(
            (0): Conv2d(36, 72, kernel_size=(3, 3), stride=(1, 1), padding=(1, 1), groups=36)
            (1): Conv2d(72, 72, kernel_size=(1, 1), stride=(1, 1))
          )
          (act): GELU(approximate='none')
          (conv_1): Conv2d(72, 36, kernel_size=(1, 1), stride=(1, 1))
        )
        (dw_conv): Conv2d(36, 36, kernel_size=(3, 3), stride=(1, 1), padding=(1, 1), groups=36)
        (gelu): GELU(approximate='none')
      )
      (pcfn): PCFN(
        (conv_0): Conv2d(36, 72, kernel_size=(1, 1), stride=(1, 1))
        (conv_1): Conv2d(18, 18, kernel_size=(3, 3), stride=(1, 1), padding=(1, 1))
        (act): GELU(approximate='none')
        (conv_2): Conv2d(72, 36, kernel_size=(1, 1), stride=(1, 1))
      )
    )
    (1): FMB(
      (smfa): SMFA(
        (linear_0): Conv2d(36, 72, kernel_size=(1, 1), stride=(1, 1))
        (linear_1): Conv2d(36, 36, kernel_size=(1, 1), stride=(1, 1))
        (linear_2): Conv2d(36, 36, kernel_size=(1, 1), stride=(1, 1))
        (lde): DMlp(
          (conv_0): Sequential(
            (0): Conv2d(36, 72, kernel_size=(3, 3), stride=(1, 1), padding=(1, 1), groups=36)
            (1): Conv2d(72, 72, kernel_size=(1, 1), stride=(1, 1))
          )
          (act): GELU(approximate='none')
          (conv_1): Conv2d(72, 36, kernel_size=(1, 1), stride=(1, 1))
        )
        (dw_conv): Conv2d(36, 36, kernel_size=(3, 3), stride=(1, 1), padding=(1, 1), groups=36)
        (gelu): GELU(approximate='none')
      )
      (pcfn): PCFN(
        (conv_0): Conv2d(36, 72, kernel_size=(1, 1), stride=(1, 1))
        (conv_1): Conv2d(18, 18, kernel_size=(3, 3), stride=(1, 1), padding=(1, 1))
        (act): GELU(approximate='none')
        (conv_2): Conv2d(72, 36, kernel_size=(1, 1), stride=(1, 1))
      )
    )
    (2): FMB(
      (smfa): SMFA(
        (linear_0): Conv2d(36, 72, kernel_size=(1, 1), stride=(1, 1))
        (linear_1): Conv2d(36, 36, kernel_size=(1, 1), stride=(1, 1))
        (linear_2): Conv2d(36, 36, kernel_size=(1, 1), stride=(1, 1))
        (lde): DMlp(
          (conv_0): Sequential(
            (0): Conv2d(36, 72, kernel_size=(3, 3), stride=(1, 1), padding=(1, 1), groups=36)
            (1): Conv2d(72, 72, kernel_size=(1, 1), stride=(1, 1))
          )
          (act): GELU(approximate='none')
          (conv_1): Conv2d(72, 36, kernel_size=(1, 1), stride=(1, 1))
        )
        (dw_conv): Conv2d(36, 36, kernel_size=(3, 3), stride=(1, 1), padding=(1, 1), groups=36)
        (gelu): GELU(approximate='none')
      )
      (pcfn): PCFN(
        (conv_0): Conv2d(36, 72, kernel_size=(1, 1), stride=(1, 1))
        (conv_1): Conv2d(18, 18, kernel_size=(3, 3), stride=(1, 1), padding=(1, 1))
        (act): GELU(approximate='none')
        (conv_2): Conv2d(72, 36, kernel_size=(1, 1), stride=(1, 1))
      )
    )
    (3): FMB(
      (smfa): SMFA(
        (linear_0): Conv2d(36, 72, kernel_size=(1, 1), stride=(1, 1))
        (linear_1): Conv2d(36, 36, kernel_size=(1, 1), stride=(1, 1))
        (linear_2): Conv2d(36, 36, kernel_size=(1, 1), stride=(1, 1))
        (lde): DMlp(
          (conv_0): Sequential(
            (0): Conv2d(36, 72, kernel_size=(3, 3), stride=(1, 1), padding=(1, 1), groups=36)
            (1): Conv2d(72, 72, kernel_size=(1, 1), stride=(1, 1))
          )
          (act): GELU(approximate='none')
          (conv_1): Conv2d(72, 36, kernel_size=(1, 1), stride=(1, 1))
        )
        (dw_conv): Conv2d(36, 36, kernel_size=(3, 3), stride=(1, 1), padding=(1, 1), groups=36)
        (gelu): GELU(approximate='none')
      )
      (pcfn): PCFN(
        (conv_0): Conv2d(36, 72, kernel_size=(1, 1), stride=(1, 1))
        (conv_1): Conv2d(18, 18, kernel_size=(3, 3), stride=(1, 1), padding=(1, 1))
        (act): GELU(approximate='none')
        (conv_2): Conv2d(72, 36, kernel_size=(1, 1), stride=(1, 1))
      )
    )
    (4): FMB(
      (smfa): SMFA(
        (linear_0): Conv2d(36, 72, kernel_size=(1, 1), stride=(1, 1))
        (linear_1): Conv2d(36, 36, kernel_size=(1, 1), stride=(1, 1))
        (linear_2): Conv2d(36, 36, kernel_size=(1, 1), stride=(1, 1))
        (lde): DMlp(
          (conv_0): Sequential(
            (0): Conv2d(36, 72, kernel_size=(3, 3), stride=(1, 1), padding=(1, 1), groups=36)
            (1): Conv2d(72, 72, kernel_size=(1, 1), stride=(1, 1))
          )
          (act): GELU(approximate='none')
          (conv_1): Conv2d(72, 36, kernel_size=(1, 1), stride=(1, 1))
        )
        (dw_conv): Conv2d(36, 36, kernel_size=(3, 3), stride=(1, 1), padding=(1, 1), groups=36)
        (gelu): GELU(approximate='none')
      )
      (pcfn): PCFN(
        (conv_0): Conv2d(36, 72, kernel_size=(1, 1), stride=(1, 1))
        (conv_1): Conv2d(18, 18, kernel_size=(3, 3), stride=(1, 1), padding=(1, 1))
        (act): GELU(approximate='none')
        (conv_2): Conv2d(72, 36, kernel_size=(1, 1), stride=(1, 1))
      )
    )
    (5): FMB(
      (smfa): SMFA(
        (linear_0): Conv2d(36, 72, kernel_size=(1, 1), stride=(1, 1))
        (linear_1): Conv2d(36, 36, kernel_size=(1, 1), stride=(1, 1))
        (linear_2): Conv2d(36, 36, kernel_size=(1, 1), stride=(1, 1))
        (lde): DMlp(
          (conv_0): Sequential(
            (0): Conv2d(36, 72, kernel_size=(3, 3), stride=(1, 1), padding=(1, 1), groups=36)
            (1): Conv2d(72, 72, kernel_size=(1, 1), stride=(1, 1))
          )
          (act): GELU(approximate='none')
          (conv_1): Conv2d(72, 36, kernel_size=(1, 1), stride=(1, 1))
        )
        (dw_conv): Conv2d(36, 36, kernel_size=(3, 3), stride=(1, 1), padding=(1, 1), groups=36)
        (gelu): GELU(approximate='none')
      )
      (pcfn): PCFN(
        (conv_0): Conv2d(36, 72, kernel_size=(1, 1), stride=(1, 1))
        (conv_1): Conv2d(18, 18, kernel_size=(3, 3), stride=(1, 1), padding=(1, 1))
        (act): GELU(approximate='none')
        (conv_2): Conv2d(72, 36, kernel_size=(1, 1), stride=(1, 1))
      )
    )
    (6): FMB(
      (smfa): SMFA(
        (linear_0): Conv2d(36, 72, kernel_size=(1, 1), stride=(1, 1))
        (linear_1): Conv2d(36, 36, kernel_size=(1, 1), stride=(1, 1))
        (linear_2): Conv2d(36, 36, kernel_size=(1, 1), stride=(1, 1))
        (lde): DMlp(
          (conv_0): Sequential(
            (0): Conv2d(36, 72, kernel_size=(3, 3), stride=(1, 1), padding=(1, 1), groups=36)
            (1): Conv2d(72, 72, kernel_size=(1, 1), stride=(1, 1))
          )
          (act): GELU(approximate='none')
          (conv_1): Conv2d(72, 36, kernel_size=(1, 1), stride=(1, 1))
        )
        (dw_conv): Conv2d(36, 36, kernel_size=(3, 3), stride=(1, 1), padding=(1, 1), groups=36)
        (gelu): GELU(approximate='none')
      )
      (pcfn): PCFN(
        (conv_0): Conv2d(36, 72, kernel_size=(1, 1), stride=(1, 1))
        (conv_1): Conv2d(18, 18, kernel_size=(3, 3), stride=(1, 1), padding=(1, 1))
        (act): GELU(approximate='none')
        (conv_2): Conv2d(72, 36, kernel_size=(1, 1), stride=(1, 1))
      )
    )
    (7): FMB(
      (smfa): SMFA(
        (linear_0): Conv2d(36, 72, kernel_size=(1, 1), stride=(1, 1))
        (linear_1): Conv2d(36, 36, kernel_size=(1, 1), stride=(1, 1))
        (linear_2): Conv2d(36, 36, kernel_size=(1, 1), stride=(1, 1))
        (lde): DMlp(
          (conv_0): Sequential(
            (0): Conv2d(36, 72, kernel_size=(3, 3), stride=(1, 1), padding=(1, 1), groups=36)
            (1): Conv2d(72, 72, kernel_size=(1, 1), stride=(1, 1))
          )
          (act): GELU(approximate='none')
          (conv_1): Conv2d(72, 36, kernel_size=(1, 1), stride=(1, 1))
        )
        (dw_conv): Conv2d(36, 36, kernel_size=(3, 3), stride=(1, 1), padding=(1, 1), groups=36)
        (gelu): GELU(approximate='none')
      )
      (pcfn): PCFN(
        (conv_0): Conv2d(36, 72, kernel_size=(1, 1), stride=(1, 1))
        (conv_1): Conv2d(18, 18, kernel_size=(3, 3), stride=(1, 1), padding=(1, 1))
        (act): GELU(approximate='none')
        (conv_2): Conv2d(72, 36, kernel_size=(1, 1), stride=(1, 1))
      )
    )
  )
  (to_img): Sequential(
    (0): Conv2d(36, 48, kernel_size=(3, 3), stride=(1, 1), padding=(1, 1))
    (1): PixelShuffle(upscale_factor=4)
  )
)
2023-12-04 14:53:17,276 INFO: Use Exponential Moving Average with decay: 0.999
2023-12-04 14:53:17,286 INFO: Network [SMFANet] is created.
2023-12-04 14:53:17,313 INFO: Loss [L1Loss] is created.
2023-12-04 14:53:17,313 INFO: Loss [FFTLoss] is created.
2023-12-04 14:53:17,314 INFO: Model [SRModel] is created.
2023-12-04 14:53:17,472 INFO: Start training from epoch: 0, iter: 0
2023-12-04 14:53:19,378 INFO: [debug..][epoch:  0, iter:       1, lr:(1.000e-03,)] [eta: 0:00:41, time (data): 1.905 (0.793)] l_pix: 4.7016e-01 f_pix: 6.8678e-01 
2023-12-04 14:53:19,483 INFO: [debug..][epoch:  0, iter:       2, lr:(1.000e-03,)] [eta: 4:51:59, time (data): 1.005 (0.401)] l_pix: 3.5117e-01 f_pix: 6.6488e-01 
2023-12-04 14:53:19,575 INFO: [debug..][epoch:  0, iter:       3, lr:(1.000e-03,)] [eta: 6:51:57, time (data): 0.701 (0.270)] l_pix: 2.4459e-01 f_pix: 6.0161e-01 
2023-12-04 14:53:19,668 INFO: [debug..][epoch:  0, iter:       4, lr:(1.000e-03,)] [eta: 8:04:15, time (data): 0.549 (0.204)] l_pix: 1.7472e-01 f_pix: 5.8309e-01 
2023-12-04 14:53:19,761 INFO: [debug..][epoch:  0, iter:       5, lr:(1.000e-03,)] [eta: 8:53:03, time (data): 0.457 (0.165)] l_pix: 1.4727e-01 f_pix: 5.1184e-01 
2023-12-04 14:53:19,862 INFO: [debug..][epoch:  0, iter:       6, lr:(1.000e-03,)] [eta: 9:36:25, time (data): 0.398 (0.139)] l_pix: 1.2908e-01 f_pix: 5.6858e-01 
2023-12-04 14:53:19,958 INFO: [debug..][epoch:  0, iter:       7, lr:(1.000e-03,)] [eta: 10:04:36, time (data): 0.355 (0.121)] l_pix: 1.1508e-01 f_pix: 5.0854e-01 
2023-12-04 14:53:20,056 INFO: [debug..][epoch:  0, iter:       8, lr:(1.000e-03,)] [eta: 10:28:05, time (data): 0.323 (0.107)] l_pix: 1.0402e-01 f_pix: 4.2829e-01 
2023-12-04 14:53:20,056 INFO: Saving models and training states.
2023-12-04 14:53:20,906 INFO: Validation Set5
	 # psnr: 9.1575	Best: 9.1575 @ 8 iter
	 # ssim: 0.0602	Best: 0.0602 @ 8 iter

2023-12-04 14:53:21,015 INFO: [debug..][epoch:  0, iter:       9, lr:(1.000e-03,)] [eta: 22:44:48, time (data): 0.299 (0.096)] l_pix: 1.0955e-01 f_pix: 4.6949e-01 
2023-12-04 14:53:21,114 INFO: [debug..][epoch:  0, iter:      10, lr:(1.000e-03,)] [eta: 21:55:43, time (data): 0.279 (0.088)] l_pix: 1.0505e-01 f_pix: 4.5782e-01 
2023-12-04 14:53:21,209 INFO: [debug..][epoch:  0, iter:      11, lr:(1.000e-03,)] [eta: 21:11:25, time (data): 0.262 (0.080)] l_pix: 9.9774e-02 f_pix: 4.4912e-01 
2023-12-04 14:53:21,314 INFO: [debug..][epoch:  0, iter:      12, lr:(1.000e-03,)] [eta: 20:40:58, time (data): 0.249 (0.075)] l_pix: 1.0072e-01 f_pix: 4.2636e-01 
2023-12-04 14:53:21,413 INFO: [debug..][epoch:  0, iter:      13, lr:(1.000e-03,)] [eta: 20:11:25, time (data): 0.237 (0.070)] l_pix: 8.4664e-02 f_pix: 3.6880e-01 
2023-12-04 14:53:21,519 INFO: [debug..][epoch:  0, iter:      14, lr:(1.000e-03,)] [eta: 19:49:51, time (data): 0.228 (0.066)] l_pix: 8.0299e-02 f_pix: 3.7350e-01 
2023-12-04 14:53:21,617 INFO: [debug..][epoch:  0, iter:      15, lr:(1.000e-03,)] [eta: 19:26:11, time (data): 0.219 (0.062)] l_pix: 7.6799e-02 f_pix: 4.4346e-01 
2023-12-04 14:53:21,714 INFO: [debug..][epoch:  0, iter:      16, lr:(1.000e-03,)] [eta: 19:05:00, time (data): 0.212 (0.059)] l_pix: 7.8845e-02 f_pix: 4.2463e-01 
2023-12-04 14:53:21,714 INFO: Saving models and training states.
2023-12-04 14:53:22,160 INFO: Validation Set5
	 # psnr: 9.2010	Best: 9.2010 @ 16 iter
	 # ssim: 0.0609	Best: 0.0609 @ 16 iter

2023-12-04 14:53:22,266 INFO: [debug..][epoch:  0, iter:      17, lr:(1.000e-03,)] [eta: 22:17:05, time (data): 0.205 (0.056)] l_pix: 7.4735e-02 f_pix: 4.1803e-01 
2023-12-04 14:53:22,359 INFO: [debug..][epoch:  0, iter:      18, lr:(1.000e-03,)] [eta: 21:47:38, time (data): 0.199 (0.053)] l_pix: 7.4118e-02 f_pix: 3.8783e-01 
2023-12-04 14:53:22,452 INFO: [debug..][epoch:  0, iter:      19, lr:(1.000e-03,)] [eta: 21:21:07, time (data): 0.194 (0.051)] l_pix: 7.1602e-02 f_pix: 3.9370e-01 
2023-12-04 14:53:22,550 INFO: [debug..][epoch:  0, iter:      20, lr:(1.000e-03,)] [eta: 20:58:44, time (data): 0.189 (0.049)] l_pix: 6.4524e-02 f_pix: 3.4788e-01 
2023-12-04 14:53:22,645 INFO: [debug..][epoch:  0, iter:      21, lr:(1.000e-03,)] [eta: 20:37:28, time (data): 0.184 (0.047)] l_pix: 6.3893e-02 f_pix: 3.6052e-01 
2023-12-04 14:53:22,747 INFO: [debug..][epoch:  0, iter:      22, lr:(1.000e-03,)] [eta: 20:20:52, time (data): 0.180 (0.045)] l_pix: 6.5447e-02 f_pix: 3.8195e-01 
2023-12-04 14:53:22,841 INFO: [debug..][epoch:  0, iter:      23, lr:(1.000e-03,)] [eta: 20:02:37, time (data): 0.177 (0.044)] l_pix: 6.2257e-02 f_pix: 3.6616e-01 
2023-12-04 14:53:22,933 INFO: [debug..][epoch:  0, iter:      24, lr:(1.000e-03,)] [eta: 19:44:56, time (data): 0.173 (0.042)] l_pix: 6.4113e-02 f_pix: 3.8882e-01 
2023-12-04 14:53:22,933 INFO: Saving models and training states.
2023-12-04 14:53:23,411 INFO: Validation Set5
	 # psnr: 9.2534	Best: 9.2534 @ 24 iter
	 # ssim: 0.0617	Best: 0.0617 @ 24 iter

2023-12-04 14:53:23,527 INFO: [debug..][epoch:  0, iter:      25, lr:(1.000e-03,)] [eta: 22:09:49, time (data): 0.171 (0.041)] l_pix: 6.2659e-02 f_pix: 3.8997e-01 
2023-12-04 14:53:23,624 INFO: [debug..][epoch:  0, iter:      26, lr:(1.000e-03,)] [eta: 21:50:27, time (data): 0.168 (0.040)] l_pix: 6.7500e-02 f_pix: 3.9196e-01 
2023-12-04 14:53:23,719 INFO: [debug..][epoch:  0, iter:      27, lr:(1.000e-03,)] [eta: 21:31:56, time (data): 0.165 (0.038)] l_pix: 5.7404e-02 f_pix: 3.3136e-01 
2023-12-04 14:53:23,817 INFO: [debug..][epoch:  0, iter:      28, lr:(1.000e-03,)] [eta: 21:15:32, time (data): 0.163 (0.037)] l_pix: 5.7958e-02 f_pix: 3.3918e-01 
2023-12-04 14:53:23,913 INFO: [debug..][epoch:  0, iter:      29, lr:(1.000e-03,)] [eta: 20:59:38, time (data): 0.161 (0.036)] l_pix: 5.6086e-02 f_pix: 3.6414e-01 
2023-12-04 14:53:24,017 INFO: [debug..][epoch:  0, iter:      30, lr:(1.000e-03,)] [eta: 20:47:09, time (data): 0.159 (0.036)] l_pix: 4.7869e-02 f_pix: 2.9976e-01 
2023-12-04 14:53:24,117 INFO: [debug..][epoch:  0, iter:      31, lr:(1.000e-03,)] [eta: 20:34:09, time (data): 0.157 (0.035)] l_pix: 5.7737e-02 f_pix: 3.7289e-01 
2023-12-04 14:53:24,212 INFO: [debug..][epoch:  0, iter:      32, lr:(1.000e-03,)] [eta: 20:20:49, time (data): 0.155 (0.034)] l_pix: 5.8331e-02 f_pix: 3.6314e-01 
2023-12-04 14:53:24,213 INFO: Saving models and training states.
2023-12-04 14:53:24,670 INFO: Validation Set5
	 # psnr: 9.3103	Best: 9.3103 @ 32 iter
	 # ssim: 0.0627	Best: 0.0627 @ 32 iter

2023-12-04 14:53:24,780 INFO: [debug..][epoch:  0, iter:      33, lr:(1.000e-03,)] [eta: 22:03:59, time (data): 0.153 (0.033)] l_pix: 5.1464e-02 f_pix: 3.1746e-01 
2023-12-04 14:53:24,884 INFO: [debug..][epoch:  0, iter:      34, lr:(1.000e-03,)] [eta: 21:51:02, time (data): 0.152 (0.033)] l_pix: 4.7232e-02 f_pix: 3.0342e-01 
2023-12-04 14:53:24,981 INFO: [debug..][epoch:  0, iter:      35, lr:(1.000e-03,)] [eta: 21:36:54, time (data): 0.150 (0.032)] l_pix: 5.2297e-02 f_pix: 2.7830e-01 
2023-12-04 14:53:25,082 INFO: [debug..][epoch:  0, iter:      36, lr:(1.000e-03,)] [eta: 21:24:39, time (data): 0.149 (0.031)] l_pix: 5.1682e-02 f_pix: 3.3160e-01 
2023-12-04 14:53:25,182 INFO: [debug..][epoch:  0, iter:      37, lr:(1.000e-03,)] [eta: 21:12:50, time (data): 0.148 (0.031)] l_pix: 5.4202e-02 f_pix: 3.3000e-01 
2023-12-04 14:53:25,292 INFO: [debug..][epoch:  0, iter:      38, lr:(1.000e-03,)] [eta: 21:03:37, time (data): 0.147 (0.030)] l_pix: 5.2749e-02 f_pix: 3.0640e-01 
2023-12-04 14:53:25,390 INFO: [debug..][epoch:  0, iter:      39, lr:(1.000e-03,)] [eta: 20:52:26, time (data): 0.145 (0.030)] l_pix: 4.1001e-02 f_pix: 2.6894e-01 
2023-12-04 14:53:25,484 INFO: [debug..][epoch:  0, iter:      40, lr:(1.000e-03,)] [eta: 20:40:58, time (data): 0.144 (0.029)] l_pix: 5.0428e-02 f_pix: 3.0587e-01 
2023-12-04 14:53:25,484 INFO: Saving models and training states.
2023-12-04 14:53:25,935 INFO: Validation Set5
	 # psnr: 9.3706	Best: 9.3706 @ 40 iter
	 # ssim: 0.0637	Best: 0.0637 @ 40 iter

2023-12-04 14:53:26,042 INFO: [debug..][epoch:  0, iter:      41, lr:(1.000e-03,)] [eta: 22:02:10, time (data): 0.143 (0.029)] l_pix: 4.8241e-02 f_pix: 2.8897e-01 
2023-12-04 14:53:26,143 INFO: [debug..][epoch:  0, iter:      42, lr:(1.000e-03,)] [eta: 21:50:54, time (data): 0.142 (0.028)] l_pix: 4.7119e-02 f_pix: 3.2281e-01 
2023-12-04 14:53:26,247 INFO: [debug..][epoch:  0, iter:      43, lr:(1.000e-03,)] [eta: 21:40:58, time (data): 0.141 (0.028)] l_pix: 5.1194e-02 f_pix: 3.1708e-01 
2023-12-04 14:53:26,354 INFO: [debug..][epoch:  0, iter:      44, lr:(1.000e-03,)] [eta: 21:31:47, time (data): 0.140 (0.028)] l_pix: 4.2132e-02 f_pix: 2.8113e-01 
2023-12-04 14:53:26,457 INFO: [debug..][epoch:  0, iter:      45, lr:(1.000e-03,)] [eta: 21:22:20, time (data): 0.140 (0.027)] l_pix: 4.7215e-02 f_pix: 3.3593e-01 
2023-12-04 14:53:26,558 INFO: [debug..][epoch:  0, iter:      46, lr:(1.000e-03,)] [eta: 21:13:04, time (data): 0.139 (0.027)] l_pix: 4.5606e-02 f_pix: 2.9738e-01 
2023-12-04 14:53:26,654 INFO: [debug..][epoch:  0, iter:      47, lr:(1.000e-03,)] [eta: 21:03:03, time (data): 0.138 (0.027)] l_pix: 4.2366e-02 f_pix: 3.0141e-01 
2023-12-04 14:53:26,747 INFO: [debug..][epoch:  0, iter:      48, lr:(1.000e-03,)] [eta: 20:53:10, time (data): 0.137 (0.026)] l_pix: 4.3786e-02 f_pix: 3.2358e-01 
2023-12-04 14:53:26,747 INFO: Saving models and training states.
2023-12-04 14:53:27,227 INFO: Validation Set5
	 # psnr: 9.4343	Best: 9.4343 @ 48 iter
	 # ssim: 0.0649	Best: 0.0649 @ 48 iter

2023-12-04 14:53:27,331 INFO: [debug..][epoch:  0, iter:      49, lr:(1.000e-03,)] [eta: 22:05:23, time (data): 0.136 (0.026)] l_pix: 4.3302e-02 f_pix: 3.2169e-01 
2023-12-04 14:53:27,425 INFO: [debug..][epoch:  0, iter:      50, lr:(1.000e-03,)] [eta: 21:54:43, time (data): 0.135 (0.026)] l_pix: 4.1332e-02 f_pix: 2.8823e-01 
2023-12-04 14:53:27,518 INFO: [debug..][epoch:  0, iter:      51, lr:(1.000e-03,)] [eta: 21:44:24, time (data): 0.135 (0.025)] l_pix: 4.4659e-02 f_pix: 3.1233e-01 
2023-12-04 14:53:27,615 INFO: [debug..][epoch:  0, iter:      52, lr:(1.000e-03,)] [eta: 21:35:05, time (data): 0.134 (0.025)] l_pix: 4.5175e-02 f_pix: 3.1364e-01 
2023-12-04 14:53:27,717 INFO: [debug..][epoch:  0, iter:      53, lr:(1.000e-03,)] [eta: 21:26:51, time (data): 0.133 (0.025)] l_pix: 3.8477e-02 f_pix: 2.7850e-01 
2023-12-04 14:53:27,821 INFO: [debug..][epoch:  0, iter:      54, lr:(1.000e-03,)] [eta: 21:19:12, time (data): 0.133 (0.024)] l_pix: 3.8992e-02 f_pix: 2.8872e-01 
2023-12-04 14:53:27,918 INFO: [debug..][epoch:  0, iter:      55, lr:(1.000e-03,)] [eta: 21:10:40, time (data): 0.132 (0.024)] l_pix: 3.7921e-02 f_pix: 2.8952e-01 
2023-12-04 14:53:28,012 INFO: [debug..][epoch:  0, iter:      56, lr:(1.000e-03,)] [eta: 21:02:09, time (data): 0.131 (0.024)] l_pix: 3.5228e-02 f_pix: 2.7152e-01 
2023-12-04 14:53:28,012 INFO: Saving models and training states.
2023-12-04 14:53:28,549 INFO: Validation Set5
	 # psnr: 9.5002	Best: 9.5002 @ 56 iter
	 # ssim: 0.0662	Best: 0.0662 @ 56 iter

2023-12-04 14:53:28,659 INFO: [debug..][epoch:  0, iter:      57, lr:(1.000e-03,)] [eta: 22:13:19, time (data): 0.131 (0.024)] l_pix: 4.0767e-02 f_pix: 3.0933e-01 
2023-12-04 14:53:28,752 INFO: [debug..][epoch:  0, iter:      58, lr:(1.000e-03,)] [eta: 22:03:55, time (data): 0.130 (0.023)] l_pix: 4.5459e-02 f_pix: 3.1637e-01 
2023-12-04 14:53:28,846 INFO: [debug..][epoch:  0, iter:      59, lr:(1.000e-03,)] [eta: 21:54:50, time (data): 0.130 (0.023)] l_pix: 3.9680e-02 f_pix: 3.0850e-01 
2023-12-04 14:53:28,945 INFO: [debug..][epoch:  0, iter:      60, lr:(1.000e-03,)] [eta: 21:46:52, time (data): 0.129 (0.023)] l_pix: 3.5039e-02 f_pix: 2.8880e-01 
2023-12-04 14:53:29,043 INFO: [debug..][epoch:  0, iter:      61, lr:(1.000e-03,)] [eta: 21:38:53, time (data): 0.129 (0.023)] l_pix: 4.4178e-02 f_pix: 3.2863e-01 
2023-12-04 14:53:29,143 INFO: [debug..][epoch:  0, iter:      62, lr:(1.000e-03,)] [eta: 21:31:29, time (data): 0.128 (0.022)] l_pix: 4.2000e-02 f_pix: 2.9473e-01 
2023-12-04 14:53:29,237 INFO: [debug..][epoch:  0, iter:      63, lr:(1.000e-03,)] [eta: 21:23:36, time (data): 0.128 (0.022)] l_pix: 4.4380e-02 f_pix: 3.2217e-01 
2023-12-04 14:53:29,334 INFO: [debug..][epoch:  0, iter:      64, lr:(1.000e-03,)] [eta: 21:16:16, time (data): 0.127 (0.022)] l_pix: 3.6595e-02 f_pix: 2.8471e-01 
2023-12-04 14:53:29,334 INFO: Saving models and training states.
2023-12-04 14:53:29,784 INFO: Validation Set5
	 # psnr: 9.5682	Best: 9.5682 @ 64 iter
	 # ssim: 0.0675	Best: 0.0675 @ 64 iter

2023-12-04 14:53:29,891 INFO: [debug..][epoch:  0, iter:      65, lr:(1.000e-03,)] [eta: 22:07:16, time (data): 0.127 (0.022)] l_pix: 4.0011e-02 f_pix: 2.9378e-01 
2023-12-04 14:53:29,985 INFO: [debug..][epoch:  0, iter:      66, lr:(1.000e-03,)] [eta: 21:59:09, time (data): 0.126 (0.022)] l_pix: 4.5640e-02 f_pix: 3.1075e-01 
2023-12-04 14:53:30,078 INFO: [debug..][epoch:  0, iter:      67, lr:(1.000e-03,)] [eta: 21:51:09, time (data): 0.126 (0.021)] l_pix: 3.5731e-02 f_pix: 2.8458e-01 
2023-12-04 14:53:30,176 INFO: [debug..][epoch:  0, iter:      68, lr:(1.000e-03,)] [eta: 21:43:55, time (data): 0.125 (0.021)] l_pix: 4.3214e-02 f_pix: 2.8926e-01 
2023-12-04 14:53:30,276 INFO: [debug..][epoch:  0, iter:      69, lr:(1.000e-03,)] [eta: 21:37:17, time (data): 0.125 (0.021)] l_pix: 4.5138e-02 f_pix: 3.0263e-01 
2023-12-04 14:53:30,380 INFO: [debug..][epoch:  0, iter:      70, lr:(1.000e-03,)] [eta: 21:31:13, time (data): 0.125 (0.021)] l_pix: 3.8180e-02 f_pix: 2.8683e-01 
2023-12-04 14:53:30,476 INFO: [debug..][epoch:  0, iter:      71, lr:(1.000e-03,)] [eta: 21:24:18, time (data): 0.124 (0.021)] l_pix: 4.2565e-02 f_pix: 2.7025e-01 
2023-12-04 14:53:30,573 INFO: [debug..][epoch:  0, iter:      72, lr:(1.000e-03,)] [eta: 21:17:52, time (data): 0.124 (0.021)] l_pix: 4.1014e-02 f_pix: 2.8443e-01 
2023-12-04 14:53:30,574 INFO: Saving models and training states.
2023-12-04 14:53:31,034 INFO: Validation Set5
	 # psnr: 9.6378	Best: 9.6378 @ 72 iter
	 # ssim: 0.0690	Best: 0.0690 @ 72 iter

2023-12-04 14:53:31,164 INFO: [debug..][epoch:  0, iter:      73, lr:(1.000e-03,)] [eta: 22:07:05, time (data): 0.124 (0.020)] l_pix: 3.5535e-02 f_pix: 2.7093e-01 
2023-12-04 14:53:31,259 INFO: [debug..][epoch:  0, iter:      74, lr:(1.000e-03,)] [eta: 21:59:59, time (data): 0.124 (0.020)] l_pix: 4.0477e-02 f_pix: 2.6286e-01 
2023-12-04 14:53:31,353 INFO: [debug..][epoch:  0, iter:      75, lr:(1.000e-03,)] [eta: 21:52:53, time (data): 0.123 (0.020)] l_pix: 3.7683e-02 f_pix: 2.9414e-01 
2023-12-04 14:53:31,451 INFO: [debug..][epoch:  0, iter:      76, lr:(1.000e-03,)] [eta: 21:46:23, time (data): 0.123 (0.020)] l_pix: 3.7605e-02 f_pix: 2.8033e-01 
2023-12-04 14:53:31,548 INFO: [debug..][epoch:  0, iter:      77, lr:(1.000e-03,)] [eta: 21:40:05, time (data): 0.123 (0.020)] l_pix: 4.2765e-02 f_pix: 2.8816e-01 
2023-12-04 14:53:31,655 INFO: [debug..][epoch:  0, iter:      78, lr:(1.000e-03,)] [eta: 21:34:54, time (data): 0.122 (0.020)] l_pix: 3.8438e-02 f_pix: 3.0049e-01 
2023-12-04 14:53:31,751 INFO: [debug..][epoch:  0, iter:      79, lr:(1.000e-03,)] [eta: 21:28:40, time (data): 0.122 (0.020)] l_pix: 4.0856e-02 f_pix: 2.5395e-01 
2023-12-04 14:53:31,849 INFO: [debug..][epoch:  0, iter:      80, lr:(1.000e-03,)] [eta: 21:22:52, time (data): 0.122 (0.020)] l_pix: 4.3179e-02 f_pix: 3.2718e-01 
2023-12-04 14:53:31,849 INFO: Saving models and training states.
2023-12-04 14:53:32,309 INFO: Validation Set5
	 # psnr: 9.7090	Best: 9.7090 @ 80 iter
	 # ssim: 0.0704	Best: 0.0704 @ 80 iter

2023-12-04 14:53:32,422 INFO: [debug..][epoch:  0, iter:      81, lr:(1.000e-03,)] [eta: 22:05:24, time (data): 0.122 (0.019)] l_pix: 4.2990e-02 f_pix: 3.2255e-01 
2023-12-04 14:53:32,517 INFO: [debug..][epoch:  0, iter:      82, lr:(1.000e-03,)] [eta: 21:58:57, time (data): 0.121 (0.019)] l_pix: 4.1643e-02 f_pix: 2.7900e-01 
2023-12-04 14:53:32,611 INFO: [debug..][epoch:  0, iter:      83, lr:(1.000e-03,)] [eta: 21:52:37, time (data): 0.121 (0.019)] l_pix: 3.9434e-02 f_pix: 2.9641e-01 
2023-12-04 14:53:32,709 INFO: [debug..][epoch:  0, iter:      84, lr:(1.000e-03,)] [eta: 21:46:45, time (data): 0.121 (0.019)] l_pix: 4.7742e-02 f_pix: 3.1342e-01 
2023-12-04 14:53:32,809 INFO: [debug..][epoch:  0, iter:      85, lr:(1.000e-03,)] [eta: 21:41:17, time (data): 0.120 (0.019)] l_pix: 3.9021e-02 f_pix: 2.8315e-01 
2023-12-04 14:53:32,912 INFO: [debug..][epoch:  0, iter:      86, lr:(1.000e-03,)] [eta: 21:36:10, time (data): 0.120 (0.019)] l_pix: 4.7480e-02 f_pix: 2.8412e-01 
2023-12-04 14:53:33,007 INFO: [debug..][epoch:  0, iter:      87, lr:(1.000e-03,)] [eta: 21:30:27, time (data): 0.120 (0.019)] l_pix: 3.5149e-02 f_pix: 2.5908e-01 
2023-12-04 14:53:33,103 INFO: [debug..][epoch:  0, iter:      88, lr:(1.000e-03,)] [eta: 21:24:53, time (data): 0.120 (0.019)] l_pix: 4.9498e-02 f_pix: 2.8803e-01 
2023-12-04 14:53:33,103 INFO: Saving models and training states.
2023-12-04 14:53:33,589 INFO: Validation Set5
	 # psnr: 9.7817	Best: 9.7817 @ 88 iter
	 # ssim: 0.0720	Best: 0.0720 @ 88 iter

2023-12-04 14:53:33,699 INFO: [debug..][epoch:  0, iter:      89, lr:(1.000e-03,)] [eta: 22:05:49, time (data): 0.120 (0.019)] l_pix: 4.0472e-02 f_pix: 2.6476e-01 
2023-12-04 14:53:33,799 INFO: [debug..][epoch:  0, iter:      90, lr:(1.000e-03,)] [eta: 22:00:21, time (data): 0.119 (0.018)] l_pix: 5.3787e-02 f_pix: 3.0173e-01 
2023-12-04 14:53:33,897 INFO: [debug..][epoch:  0, iter:      91, lr:(1.000e-03,)] [eta: 21:54:52, time (data): 0.119 (0.018)] l_pix: 5.3883e-02 f_pix: 3.2554e-01 
2023-12-04 14:53:34,002 INFO: [debug..][epoch:  0, iter:      92, lr:(1.000e-03,)] [eta: 21:50:09, time (data): 0.119 (0.018)] l_pix: 3.5904e-02 f_pix: 2.6816e-01 
2023-12-04 14:53:34,105 INFO: [debug..][epoch:  0, iter:      93, lr:(1.000e-03,)] [eta: 21:45:24, time (data): 0.119 (0.018)] l_pix: 3.7854e-02 f_pix: 2.2648e-01 
2023-12-04 14:53:34,207 INFO: [debug..][epoch:  0, iter:      94, lr:(1.000e-03,)] [eta: 21:40:36, time (data): 0.119 (0.018)] l_pix: 3.7089e-02 f_pix: 2.7289e-01 
2023-12-04 14:53:34,308 INFO: [debug..][epoch:  0, iter:      95, lr:(1.000e-03,)] [eta: 21:35:46, time (data): 0.118 (0.018)] l_pix: 4.0875e-02 f_pix: 2.9107e-01 
2023-12-04 14:53:34,406 INFO: [debug..][epoch:  0, iter:      96, lr:(1.000e-03,)] [eta: 21:30:52, time (data): 0.118 (0.018)] l_pix: 4.0554e-02 f_pix: 3.0293e-01 
2023-12-04 14:53:34,407 INFO: Saving models and training states.
2023-12-04 14:53:34,883 INFO: Validation Set5
	 # psnr: 9.8555	Best: 9.8555 @ 96 iter
	 # ssim: 0.0736	Best: 0.0736 @ 96 iter

2023-12-04 14:53:35,011 INFO: [debug..][epoch:  0, iter:      97, lr:(1.000e-03,)] [eta: 22:09:07, time (data): 0.118 (0.018)] l_pix: 3.9088e-02 f_pix: 2.9085e-01 
2023-12-04 14:53:35,106 INFO: [debug..][epoch:  0, iter:      98, lr:(1.000e-03,)] [eta: 22:03:41, time (data): 0.118 (0.018)] l_pix: 3.9808e-02 f_pix: 2.8023e-01 
2023-12-04 14:53:35,200 INFO: [debug..][epoch:  0, iter:      99, lr:(1.000e-03,)] [eta: 21:58:16, time (data): 0.118 (0.018)] l_pix: 3.8234e-02 f_pix: 2.9694e-01 
2023-12-04 14:53:35,300 INFO: [debug..][epoch:  0, iter:     100, lr:(1.000e-03,)] [eta: 21:53:25, time (data): 0.118 (0.018)] l_pix: 3.7503e-02 f_pix: 2.4798e-01 
2023-12-04 14:53:35,401 INFO: [debug..][epoch:  0, iter:     101, lr:(1.000e-03,)] [eta: 21:48:49, time (data): 0.117 (0.018)] l_pix: 3.6489e-02 f_pix: 2.8209e-01 
2023-12-04 14:53:35,507 INFO: [debug..][epoch:  0, iter:     102, lr:(1.000e-03,)] [eta: 21:44:41, time (data): 0.117 (0.018)] l_pix: 4.2070e-02 f_pix: 2.9492e-01 
2023-12-04 14:53:35,608 INFO: [debug..][epoch:  0, iter:     103, lr:(1.000e-03,)] [eta: 21:40:14, time (data): 0.117 (0.017)] l_pix: 3.6274e-02 f_pix: 2.8047e-01 
2023-12-04 14:53:35,706 INFO: [debug..][epoch:  0, iter:     104, lr:(1.000e-03,)] [eta: 21:35:38, time (data): 0.117 (0.017)] l_pix: 4.3928e-02 f_pix: 3.1807e-01 
2023-12-04 14:53:35,706 INFO: Saving models and training states.
2023-12-04 14:53:36,172 INFO: Validation Set5
	 # psnr: 9.9305	Best: 9.9305 @ 104 iter
	 # ssim: 0.0753	Best: 0.0753 @ 104 iter

2023-12-04 14:53:36,278 INFO: [debug..][epoch:  0, iter:     105, lr:(1.000e-03,)] [eta: 22:08:24, time (data): 0.117 (0.017)] l_pix: 3.3103e-02 f_pix: 2.4823e-01 
2023-12-04 14:53:36,372 INFO: [debug..][epoch:  0, iter:     106, lr:(1.000e-03,)] [eta: 22:03:17, time (data): 0.117 (0.017)] l_pix: 4.1444e-02 f_pix: 2.9424e-01 
2023-12-04 14:53:36,467 INFO: [debug..][epoch:  0, iter:     107, lr:(1.000e-03,)] [eta: 21:58:21, time (data): 0.116 (0.017)] l_pix: 3.3332e-02 f_pix: 2.4838e-01 
2023-12-04 14:53:36,570 INFO: [debug..][epoch:  0, iter:     108, lr:(1.000e-03,)] [eta: 21:54:09, time (data): 0.116 (0.017)] l_pix: 4.0137e-02 f_pix: 3.0014e-01 
2023-12-04 14:53:36,682 INFO: [debug..][epoch:  0, iter:     109, lr:(1.000e-03,)] [eta: 21:50:38, time (data): 0.116 (0.017)] l_pix: 4.1355e-02 f_pix: 3.1607e-01 
2023-12-04 14:53:36,788 INFO: [debug..][epoch:  0, iter:     110, lr:(1.000e-03,)] [eta: 21:46:47, time (data): 0.116 (0.017)] l_pix: 3.9438e-02 f_pix: 3.0150e-01 
2023-12-04 14:53:36,884 INFO: [debug..][epoch:  0, iter:     111, lr:(1.000e-03,)] [eta: 21:42:16, time (data): 0.116 (0.017)] l_pix: 4.0677e-02 f_pix: 3.0831e-01 
2023-12-04 14:53:36,982 INFO: [debug..][epoch:  0, iter:     112, lr:(1.000e-03,)] [eta: 21:37:58, time (data): 0.116 (0.017)] l_pix: 3.9175e-02 f_pix: 3.0874e-01 
2023-12-04 14:53:36,982 INFO: Saving models and training states.
2023-12-04 14:53:37,473 INFO: Validation Set5
	 # psnr: 10.0066	Best: 10.0066 @ 112 iter
	 # ssim: 0.0770	Best: 0.0770 @ 112 iter

2023-12-04 14:53:37,594 INFO: [debug..][epoch:  0, iter:     113, lr:(1.000e-03,)] [eta: 22:11:19, time (data): 0.116 (0.017)] l_pix: 3.7159e-02 f_pix: 2.7190e-01 
2023-12-04 14:53:37,688 INFO: [debug..][epoch:  0, iter:     114, lr:(1.000e-03,)] [eta: 22:06:33, time (data): 0.116 (0.017)] l_pix: 3.0188e-02 f_pix: 2.2650e-01 
2023-12-04 14:53:37,782 INFO: [debug..][epoch:  0, iter:     115, lr:(1.000e-03,)] [eta: 22:01:52, time (data): 0.115 (0.017)] l_pix: 3.8590e-02 f_pix: 2.7819e-01 
2023-12-04 14:53:37,882 INFO: [debug..][epoch:  0, iter:     116, lr:(1.000e-03,)] [eta: 21:57:39, time (data): 0.115 (0.017)] l_pix: 3.8015e-02 f_pix: 2.9489e-01 
2023-12-04 14:53:37,989 INFO: [debug..][epoch:  0, iter:     117, lr:(1.000e-03,)] [eta: 21:54:01, time (data): 0.115 (0.017)] l_pix: 3.9411e-02 f_pix: 3.0067e-01 
2023-12-04 14:53:38,094 INFO: [debug..][epoch:  0, iter:     118, lr:(1.000e-03,)] [eta: 21:50:21, time (data): 0.115 (0.017)] l_pix: 3.5973e-02 f_pix: 2.7017e-01 
2023-12-04 14:53:38,191 INFO: [debug..][epoch:  0, iter:     119, lr:(1.000e-03,)] [eta: 21:46:10, time (data): 0.115 (0.017)] l_pix: 3.3276e-02 f_pix: 2.5246e-01 
2023-12-04 14:53:38,289 INFO: [debug..][epoch:  0, iter:     120, lr:(1.000e-03,)] [eta: 21:42:08, time (data): 0.115 (0.016)] l_pix: 3.7350e-02 f_pix: 2.8780e-01 
2023-12-04 14:53:38,290 INFO: Saving models and training states.
2023-12-04 14:53:38,752 INFO: Validation Set5
	 # psnr: 10.0843	Best: 10.0843 @ 120 iter
	 # ssim: 0.0788	Best: 0.0788 @ 120 iter

2023-12-04 14:53:38,864 INFO: [debug..][epoch:  0, iter:     121, lr:(1.000e-03,)] [eta: 22:10:43, time (data): 0.115 (0.016)] l_pix: 3.5834e-02 f_pix: 2.7798e-01 
2023-12-04 14:53:38,960 INFO: [debug..][epoch:  0, iter:     122, lr:(1.000e-03,)] [eta: 22:06:24, time (data): 0.115 (0.016)] l_pix: 3.6078e-02 f_pix: 2.7094e-01 
2023-12-04 14:53:39,054 INFO: [debug..][epoch:  0, iter:     123, lr:(1.000e-03,)] [eta: 22:02:02, time (data): 0.115 (0.016)] l_pix: 4.3548e-02 f_pix: 3.3297e-01 
2023-12-04 14:53:39,152 INFO: [debug..][epoch:  0, iter:     124, lr:(1.000e-03,)] [eta: 21:57:57, time (data): 0.114 (0.016)] l_pix: 3.5969e-02 f_pix: 2.7291e-01 
2023-12-04 14:53:39,253 INFO: [debug..][epoch:  0, iter:     125, lr:(1.000e-03,)] [eta: 21:54:11, time (data): 0.114 (0.016)] l_pix: 3.1521e-02 f_pix: 2.0894e-01 
2023-12-04 14:53:39,356 INFO: [debug..][epoch:  0, iter:     126, lr:(1.000e-03,)] [eta: 21:50:36, time (data): 0.114 (0.016)] l_pix: 3.4426e-02 f_pix: 2.6296e-01 
2023-12-04 14:53:39,452 INFO: [debug..][epoch:  0, iter:     127, lr:(1.000e-03,)] [eta: 21:46:34, time (data): 0.114 (0.016)] l_pix: 3.9717e-02 f_pix: 2.9587e-01 
2023-12-04 14:53:39,549 INFO: [debug..][epoch:  0, iter:     128, lr:(1.000e-03,)] [eta: 21:42:44, time (data): 0.114 (0.016)] l_pix: 3.3164e-02 f_pix: 2.6027e-01 
2023-12-04 14:53:39,550 INFO: Saving models and training states.
2023-12-04 14:53:40,020 INFO: Validation Set5
	 # psnr: 10.1639	Best: 10.1639 @ 128 iter
	 # ssim: 0.0807	Best: 0.0807 @ 128 iter

2023-12-04 14:53:40,126 INFO: [debug..][epoch:  0, iter:     129, lr:(1.000e-03,)] [eta: 22:09:41, time (data): 0.114 (0.016)] l_pix: 3.4821e-02 f_pix: 2.7469e-01 
2023-12-04 14:53:40,219 INFO: [debug..][epoch:  0, iter:     130, lr:(1.000e-03,)] [eta: 22:05:26, time (data): 0.114 (0.016)] l_pix: 3.2815e-02 f_pix: 2.3531e-01 
2023-12-04 14:53:40,312 INFO: [debug..][epoch:  0, iter:     131, lr:(1.000e-03,)] [eta: 22:01:15, time (data): 0.113 (0.016)] l_pix: 3.5310e-02 f_pix: 2.7657e-01 
2023-12-04 14:53:40,415 INFO: [debug..][epoch:  0, iter:     132, lr:(1.000e-03,)] [eta: 21:57:47, time (data): 0.113 (0.016)] l_pix: 3.8921e-02 f_pix: 2.9689e-01 
2023-12-04 14:53:40,515 INFO: [debug..][epoch:  0, iter:     133, lr:(1.000e-03,)] [eta: 21:54:09, time (data): 0.113 (0.016)] l_pix: 3.8564e-02 f_pix: 2.8185e-01 
2023-12-04 14:53:40,624 INFO: [debug..][epoch:  0, iter:     134, lr:(1.000e-03,)] [eta: 21:51:09, time (data): 0.113 (0.016)] l_pix: 3.5206e-02 f_pix: 2.8278e-01 
2023-12-04 14:53:40,722 INFO: [debug..][epoch:  0, iter:     135, lr:(1.000e-03,)] [eta: 21:47:31, time (data): 0.113 (0.016)] l_pix: 4.0664e-02 f_pix: 2.7408e-01 
2023-12-04 14:53:40,822 INFO: [debug..][epoch:  0, iter:     136, lr:(1.000e-03,)] [eta: 21:44:03, time (data): 0.113 (0.016)] l_pix: 3.4822e-02 f_pix: 2.7117e-01 
2023-12-04 14:53:40,822 INFO: Saving models and training states.
2023-12-04 14:53:41,266 INFO: Validation Set5
	 # psnr: 10.2450	Best: 10.2450 @ 136 iter
	 # ssim: 0.0826	Best: 0.0826 @ 136 iter

2023-12-04 14:53:41,383 INFO: [debug..][epoch:  0, iter:     137, lr:(1.000e-03,)] [eta: 22:08:27, time (data): 0.113 (0.016)] l_pix: 4.1805e-02 f_pix: 2.9711e-01 
2023-12-04 14:53:41,481 INFO: [debug..][epoch:  0, iter:     138, lr:(1.000e-03,)] [eta: 22:04:47, time (data): 0.113 (0.016)] l_pix: 3.4451e-02 f_pix: 2.5540e-01 
2023-12-04 14:53:41,577 INFO: [debug..][epoch:  0, iter:     139, lr:(1.000e-03,)] [eta: 22:01:01, time (data): 0.113 (0.016)] l_pix: 3.5384e-02 f_pix: 2.7182e-01 
2023-12-04 14:53:41,678 INFO: [debug..][epoch:  0, iter:     140, lr:(1.000e-03,)] [eta: 21:57:35, time (data): 0.113 (0.016)] l_pix: 3.6726e-02 f_pix: 2.6380e-01 
2023-12-04 14:53:41,779 INFO: [debug..][epoch:  0, iter:     141, lr:(1.000e-03,)] [eta: 21:54:15, time (data): 0.113 (0.016)] l_pix: 3.7002e-02 f_pix: 2.8624e-01 
2023-12-04 14:53:41,882 INFO: [debug..][epoch:  0, iter:     142, lr:(1.000e-03,)] [eta: 21:51:04, time (data): 0.113 (0.015)] l_pix: 3.8506e-02 f_pix: 2.8611e-01 
2023-12-04 14:53:41,978 INFO: [debug..][epoch:  0, iter:     143, lr:(1.000e-03,)] [eta: 21:47:30, time (data): 0.112 (0.015)] l_pix: 4.0067e-02 f_pix: 3.0108e-01 
2023-12-04 14:53:42,076 INFO: [debug..][epoch:  0, iter:     144, lr:(1.000e-03,)] [eta: 21:44:06, time (data): 0.112 (0.015)] l_pix: 4.0423e-02 f_pix: 3.0828e-01 
2023-12-04 14:53:42,076 INFO: Saving models and training states.
2023-12-04 14:53:42,523 INFO: Validation Set5
	 # psnr: 10.3280	Best: 10.3280 @ 144 iter
	 # ssim: 0.0846	Best: 0.0846 @ 144 iter

2023-12-04 14:53:42,639 INFO: [debug..][epoch:  0, iter:     145, lr:(1.000e-03,)] [eta: 22:07:20, time (data): 0.112 (0.015)] l_pix: 3.3568e-02 f_pix: 2.4462e-01 
2023-12-04 14:53:42,733 INFO: [debug..][epoch:  0, iter:     146, lr:(1.000e-03,)] [eta: 22:03:35, time (data): 0.112 (0.015)] l_pix: 3.5433e-02 f_pix: 2.7196e-01 
2023-12-04 14:53:42,827 INFO: [debug..][epoch:  0, iter:     147, lr:(1.000e-03,)] [eta: 21:59:56, time (data): 0.112 (0.015)] l_pix: 3.7465e-02 f_pix: 2.6659e-01 
2023-12-04 14:53:42,924 INFO: [debug..][epoch:  0, iter:     148, lr:(1.000e-03,)] [eta: 21:56:31, time (data): 0.112 (0.015)] l_pix: 3.6970e-02 f_pix: 2.9517e-01 
2023-12-04 14:53:43,026 INFO: [debug..][epoch:  0, iter:     149, lr:(1.000e-03,)] [eta: 21:53:23, time (data): 0.112 (0.015)] l_pix: 2.9135e-02 f_pix: 2.2917e-01 
2023-12-04 14:53:43,133 INFO: [debug..][epoch:  0, iter:     150, lr:(1.000e-03,)] [eta: 21:50:35, time (data): 0.112 (0.015)] l_pix: 3.8368e-02 f_pix: 2.9047e-01 
2023-12-04 14:53:43,230 INFO: [debug..][epoch:  0, iter:     151, lr:(1.000e-03,)] [eta: 21:47:19, time (data): 0.112 (0.015)] l_pix: 3.0536e-02 f_pix: 2.3800e-01 
2023-12-04 14:53:43,332 INFO: [debug..][epoch:  0, iter:     152, lr:(1.000e-03,)] [eta: 21:44:18, time (data): 0.112 (0.015)] l_pix: 4.0292e-02 f_pix: 3.0250e-01 
2023-12-04 14:53:43,333 INFO: Saving models and training states.
2023-12-04 14:53:43,809 INFO: Validation Set5
	 # psnr: 10.4130	Best: 10.4130 @ 152 iter
	 # ssim: 0.0866	Best: 0.0866 @ 152 iter

2023-12-04 14:53:43,917 INFO: [debug..][epoch:  0, iter:     153, lr:(1.000e-03,)] [eta: 22:07:29, time (data): 0.112 (0.015)] l_pix: 3.0945e-02 f_pix: 2.2932e-01 
2023-12-04 14:53:44,018 INFO: [debug..][epoch:  0, iter:     154, lr:(1.000e-03,)] [eta: 22:04:20, time (data): 0.112 (0.015)] l_pix: 3.2915e-02 f_pix: 2.5874e-01 
2023-12-04 14:53:44,118 INFO: [debug..][epoch:  0, iter:     155, lr:(1.000e-03,)] [eta: 22:01:12, time (data): 0.112 (0.015)] l_pix: 3.5492e-02 f_pix: 2.3957e-01 
2023-12-04 14:53:44,218 INFO: [debug..][epoch:  0, iter:     156, lr:(1.000e-03,)] [eta: 21:58:04, time (data): 0.112 (0.015)] l_pix: 3.2243e-02 f_pix: 2.5143e-01 
2023-12-04 14:53:44,322 INFO: [debug..][epoch:  0, iter:     157, lr:(1.000e-03,)] [eta: 21:55:14, time (data): 0.111 (0.015)] l_pix: 3.7914e-02 f_pix: 2.6857e-01 
2023-12-04 14:53:44,427 INFO: [debug..][epoch:  0, iter:     158, lr:(1.000e-03,)] [eta: 21:52:27, time (data): 0.111 (0.015)] l_pix: 3.9975e-02 f_pix: 2.9955e-01 
2023-12-04 14:53:44,530 INFO: [debug..][epoch:  0, iter:     159, lr:(1.000e-03,)] [eta: 21:49:34, time (data): 0.111 (0.015)] l_pix: 3.8280e-02 f_pix: 2.8915e-01 
2023-12-04 14:53:44,629 INFO: [debug..][epoch:  0, iter:     160, lr:(1.000e-03,)] [eta: 21:46:35, time (data): 0.111 (0.015)] l_pix: 3.8384e-02 f_pix: 2.6726e-01 
2023-12-04 14:53:44,629 INFO: Saving models and training states.
2023-12-04 14:53:45,088 INFO: Validation Set5
	 # psnr: 10.4993	Best: 10.4993 @ 160 iter
	 # ssim: 0.0887	Best: 0.0887 @ 160 iter

2023-12-04 14:53:45,200 INFO: [debug..][epoch:  0, iter:     161, lr:(1.000e-03,)] [eta: 22:07:52, time (data): 0.111 (0.015)] l_pix: 3.5280e-02 f_pix: 2.7101e-01 
2023-12-04 14:53:45,298 INFO: [debug..][epoch:  0, iter:     162, lr:(1.000e-03,)] [eta: 22:04:45, time (data): 0.111 (0.015)] l_pix: 4.1703e-02 f_pix: 2.8767e-01 
2023-12-04 14:53:45,393 INFO: [debug..][epoch:  0, iter:     163, lr:(1.000e-03,)] [eta: 22:01:28, time (data): 0.111 (0.015)] l_pix: 3.8744e-02 f_pix: 2.9455e-01 
2023-12-04 14:53:45,491 INFO: [debug..][epoch:  0, iter:     164, lr:(1.000e-03,)] [eta: 21:58:24, time (data): 0.111 (0.015)] l_pix: 4.2174e-02 f_pix: 2.9144e-01 
2023-12-04 14:53:45,591 INFO: [debug..][epoch:  0, iter:     165, lr:(1.000e-03,)] [eta: 21:55:29, time (data): 0.111 (0.015)] l_pix: 3.6634e-02 f_pix: 2.5516e-01 
2023-12-04 14:53:45,693 INFO: [debug..][epoch:  0, iter:     166, lr:(1.000e-03,)] [eta: 21:52:41, time (data): 0.111 (0.015)] l_pix: 3.9229e-02 f_pix: 2.9053e-01 
2023-12-04 14:53:45,788 INFO: [debug..][epoch:  0, iter:     167, lr:(1.000e-03,)] [eta: 21:49:36, time (data): 0.111 (0.015)] l_pix: 4.1699e-02 f_pix: 3.1008e-01 
2023-12-04 14:53:45,886 INFO: [debug..][epoch:  0, iter:     168, lr:(1.000e-03,)] [eta: 21:46:39, time (data): 0.111 (0.015)] l_pix: 4.2718e-02 f_pix: 3.1393e-01 
2023-12-04 14:53:45,886 INFO: Saving models and training states.
2023-12-04 14:53:46,379 INFO: Validation Set5
	 # psnr: 10.5874	Best: 10.5874 @ 168 iter
	 # ssim: 0.0908	Best: 0.0908 @ 168 iter

2023-12-04 14:53:46,500 INFO: [debug..][epoch:  0, iter:     169, lr:(1.000e-03,)] [eta: 22:09:03, time (data): 0.111 (0.015)] l_pix: 3.9061e-02 f_pix: 2.8755e-01 
2023-12-04 14:53:46,593 INFO: [debug..][epoch:  0, iter:     170, lr:(1.000e-03,)] [eta: 22:05:50, time (data): 0.111 (0.015)] l_pix: 3.8234e-02 f_pix: 2.9159e-01 
2023-12-04 14:53:46,686 INFO: [debug..][epoch:  0, iter:     171, lr:(1.000e-03,)] [eta: 22:02:37, time (data): 0.111 (0.015)] l_pix: 3.5420e-02 f_pix: 2.4544e-01 
2023-12-04 14:53:46,789 INFO: [debug..][epoch:  0, iter:     172, lr:(1.000e-03,)] [eta: 21:59:56, time (data): 0.111 (0.015)] l_pix: 3.6538e-02 f_pix: 2.8105e-01 
2023-12-04 14:53:46,889 INFO: [debug..][epoch:  0, iter:     173, lr:(1.000e-03,)] [eta: 21:57:07, time (data): 0.110 (0.015)] l_pix: 3.8439e-02 f_pix: 2.8764e-01 
2023-12-04 14:53:46,991 INFO: [debug..][epoch:  0, iter:     174, lr:(1.000e-03,)] [eta: 21:54:28, time (data): 0.110 (0.015)] l_pix: 3.5013e-02 f_pix: 2.6230e-01 
2023-12-04 14:53:47,085 INFO: [debug..][epoch:  0, iter:     175, lr:(1.000e-03,)] [eta: 21:51:27, time (data): 0.110 (0.015)] l_pix: 3.2991e-02 f_pix: 2.5966e-01 
2023-12-04 14:53:47,182 INFO: [debug..][epoch:  0, iter:     176, lr:(1.000e-03,)] [eta: 21:48:34, time (data): 0.110 (0.014)] l_pix: 3.1923e-02 f_pix: 2.2922e-01 
2023-12-04 14:53:47,182 INFO: Saving models and training states.
2023-12-04 14:53:47,655 INFO: Validation Set5
	 # psnr: 10.6764	Best: 10.6764 @ 176 iter
	 # ssim: 0.0930	Best: 0.0930 @ 176 iter

2023-12-04 14:53:47,768 INFO: [debug..][epoch:  0, iter:     177, lr:(1.000e-03,)] [eta: 22:08:39, time (data): 0.110 (0.014)] l_pix: 3.6337e-02 f_pix: 2.7709e-01 
2023-12-04 14:53:47,864 INFO: [debug..][epoch:  0, iter:     178, lr:(1.000e-03,)] [eta: 22:05:42, time (data): 0.110 (0.014)] l_pix: 4.2026e-02 f_pix: 3.3548e-01 
2023-12-04 14:53:47,958 INFO: [debug..][epoch:  0, iter:     179, lr:(1.000e-03,)] [eta: 22:02:41, time (data): 0.110 (0.014)] l_pix: 4.0039e-02 f_pix: 2.9565e-01 
2023-12-04 14:53:48,061 INFO: [debug..][epoch:  0, iter:     180, lr:(1.000e-03,)] [eta: 22:00:07, time (data): 0.110 (0.014)] l_pix: 3.6377e-02 f_pix: 2.9290e-01 
2023-12-04 14:53:48,164 INFO: [debug..][epoch:  0, iter:     181, lr:(1.000e-03,)] [eta: 21:57:33, time (data): 0.110 (0.014)] l_pix: 3.7617e-02 f_pix: 2.7156e-01 
2023-12-04 14:53:48,271 INFO: [debug..][epoch:  0, iter:     182, lr:(1.000e-03,)] [eta: 21:55:15, time (data): 0.110 (0.014)] l_pix: 3.6956e-02 f_pix: 2.6746e-01 
2023-12-04 14:53:48,372 INFO: [debug..][epoch:  0, iter:     183, lr:(1.000e-03,)] [eta: 21:52:39, time (data): 0.110 (0.014)] l_pix: 3.5794e-02 f_pix: 2.8795e-01 
2023-12-04 14:53:48,470 INFO: [debug..][epoch:  0, iter:     184, lr:(1.000e-03,)] [eta: 21:49:59, time (data): 0.110 (0.014)] l_pix: 3.7353e-02 f_pix: 2.5853e-01 
2023-12-04 14:53:48,471 INFO: Saving models and training states.
2023-12-04 14:53:48,951 INFO: Validation Set5
	 # psnr: 10.7667	Best: 10.7667 @ 184 iter
	 # ssim: 0.0952	Best: 0.0952 @ 184 iter

2023-12-04 14:53:49,058 INFO: [debug..][epoch:  0, iter:     185, lr:(1.000e-03,)] [eta: 22:09:15, time (data): 0.110 (0.014)] l_pix: 2.9020e-02 f_pix: 2.2742e-01 
2023-12-04 14:53:49,156 INFO: [debug..][epoch:  0, iter:     186, lr:(1.000e-03,)] [eta: 22:06:31, time (data): 0.110 (0.014)] l_pix: 4.0475e-02 f_pix: 2.8150e-01 
2023-12-04 14:53:49,250 INFO: [debug..][epoch:  0, iter:     187, lr:(1.000e-03,)] [eta: 22:03:37, time (data): 0.110 (0.014)] l_pix: 3.4512e-02 f_pix: 2.4371e-01 
2023-12-04 14:53:49,348 INFO: [debug..][epoch:  0, iter:     188, lr:(1.000e-03,)] [eta: 22:00:56, time (data): 0.110 (0.014)] l_pix: 3.4621e-02 f_pix: 2.2421e-01 
2023-12-04 14:53:49,449 INFO: [debug..][epoch:  0, iter:     189, lr:(1.000e-03,)] [eta: 21:58:25, time (data): 0.110 (0.014)] l_pix: 3.9751e-02 f_pix: 3.0043e-01 
2023-12-04 14:53:49,557 INFO: [debug..][epoch:  0, iter:     190, lr:(1.000e-03,)] [eta: 21:56:12, time (data): 0.110 (0.014)] l_pix: 3.9936e-02 f_pix: 2.5925e-01 
2023-12-04 14:53:49,658 INFO: [debug..][epoch:  0, iter:     191, lr:(1.000e-03,)] [eta: 21:53:43, time (data): 0.110 (0.014)] l_pix: 4.0189e-02 f_pix: 3.0276e-01 
2023-12-04 14:53:49,757 INFO: [debug..][epoch:  0, iter:     192, lr:(1.000e-03,)] [eta: 21:51:13, time (data): 0.109 (0.014)] l_pix: 3.4692e-02 f_pix: 2.4458e-01 
2023-12-04 14:53:49,757 INFO: Saving models and training states.
2023-12-04 14:53:50,198 INFO: Validation Set5
	 # psnr: 10.8581	Best: 10.8581 @ 192 iter
	 # ssim: 0.0975	Best: 0.0975 @ 192 iter

2023-12-04 14:53:50,307 INFO: [debug..][epoch:  0, iter:     193, lr:(1.000e-03,)] [eta: 22:08:02, time (data): 0.109 (0.014)] l_pix: 3.6230e-02 f_pix: 2.6309e-01 
2023-12-04 14:53:50,401 INFO: [debug..][epoch:  0, iter:     194, lr:(1.000e-03,)] [eta: 22:05:16, time (data): 0.109 (0.014)] l_pix: 3.2272e-02 f_pix: 2.4671e-01 
2023-12-04 14:53:50,495 INFO: [debug..][epoch:  0, iter:     195, lr:(1.000e-03,)] [eta: 22:02:31, time (data): 0.109 (0.014)] l_pix: 4.4647e-02 f_pix: 2.9301e-01 
2023-12-04 14:53:50,595 INFO: [debug..][epoch:  0, iter:     196, lr:(1.000e-03,)] [eta: 22:00:01, time (data): 0.109 (0.014)] l_pix: 3.3260e-02 f_pix: 2.5558e-01 
2023-12-04 14:53:50,697 INFO: [debug..][epoch:  0, iter:     197, lr:(1.000e-03,)] [eta: 21:57:37, time (data): 0.109 (0.014)] l_pix: 4.0493e-02 f_pix: 2.2138e-01 
2023-12-04 14:53:50,807 INFO: [debug..][epoch:  0, iter:     198, lr:(1.000e-03,)] [eta: 21:55:36, time (data): 0.109 (0.014)] l_pix: 3.3836e-02 f_pix: 2.5680e-01 
2023-12-04 14:53:50,907 INFO: [debug..][epoch:  0, iter:     199, lr:(1.000e-03,)] [eta: 21:53:12, time (data): 0.109 (0.014)] l_pix: 4.8311e-02 f_pix: 2.8310e-01 
2023-12-04 14:53:51,005 INFO: [debug..][epoch:  0, iter:     200, lr:(1.000e-03,)] [eta: 21:50:43, time (data): 0.109 (0.014)] l_pix: 4.6770e-02 f_pix: 2.7514e-01 
2023-12-04 14:53:51,005 INFO: Saving models and training states.
2023-12-04 14:53:51,466 INFO: Validation Set5
	 # psnr: 10.9504	Best: 10.9504 @ 200 iter
	 # ssim: 0.0998	Best: 0.0998 @ 200 iter

2023-12-04 14:53:51,573 INFO: [debug..][epoch:  0, iter:     201, lr:(1.000e-03,)] [eta: 22:07:38, time (data): 0.109 (0.014)] l_pix: 3.9323e-02 f_pix: 2.8741e-01 
2023-12-04 14:53:51,666 INFO: [debug..][epoch:  0, iter:     202, lr:(1.000e-03,)] [eta: 22:04:56, time (data): 0.093 (0.008)] l_pix: 4.2896e-02 f_pix: 2.8853e-01 
2023-12-04 14:53:51,760 INFO: [debug..][epoch:  0, iter:     203, lr:(1.000e-03,)] [eta: 22:02:15, time (data): 0.093 (0.008)] l_pix: 3.2503e-02 f_pix: 2.4918e-01 
2023-12-04 14:53:51,862 INFO: [debug..][epoch:  0, iter:     204, lr:(1.000e-03,)] [eta: 21:59:58, time (data): 0.096 (0.008)] l_pix: 3.5560e-02 f_pix: 2.6052e-01 
2023-12-04 14:53:51,965 INFO: [debug..][epoch:  0, iter:     205, lr:(1.000e-03,)] [eta: 21:57:42, time (data): 0.098 (0.009)] l_pix: 3.8384e-02 f_pix: 2.9271e-01 
2023-12-04 14:53:52,068 INFO: [debug..][epoch:  0, iter:     206, lr:(1.000e-03,)] [eta: 21:55:29, time (data): 0.099 (0.010)] l_pix: 3.8458e-02 f_pix: 2.9533e-01 
2023-12-04 14:53:52,163 INFO: [debug..][epoch:  0, iter:     207, lr:(1.000e-03,)] [eta: 21:52:58, time (data): 0.098 (0.010)] l_pix: 3.9257e-02 f_pix: 2.9998e-01 
2023-12-04 14:53:52,260 INFO: [debug..][epoch:  0, iter:     208, lr:(1.000e-03,)] [eta: 21:50:32, time (data): 0.098 (0.009)] l_pix: 3.3796e-02 f_pix: 2.4466e-01 
2023-12-04 14:53:52,260 INFO: Saving models and training states.
2023-12-04 14:53:52,709 INFO: Validation Set5
	 # psnr: 11.0430	Best: 11.0430 @ 208 iter
	 # ssim: 0.1022	Best: 0.1022 @ 208 iter

2023-12-04 14:53:52,823 INFO: [debug..][epoch:  0, iter:     209, lr:(1.000e-03,)] [eta: 22:06:38, time (data): 0.100 (0.010)] l_pix: 3.8384e-02 f_pix: 2.8011e-01 
2023-12-04 14:53:52,923 INFO: [debug..][epoch:  0, iter:     210, lr:(1.000e-03,)] [eta: 22:04:17, time (data): 0.100 (0.010)] l_pix: 3.4877e-02 f_pix: 2.7100e-01 
2023-12-04 14:53:53,018 INFO: [debug..][epoch:  0, iter:     211, lr:(1.000e-03,)] [eta: 22:01:46, time (data): 0.099 (0.010)] l_pix: 3.2437e-02 f_pix: 2.0294e-01 
2023-12-04 14:53:53,119 INFO: [debug..][epoch:  0, iter:     212, lr:(1.000e-03,)] [eta: 21:59:31, time (data): 0.099 (0.010)] l_pix: 3.4060e-02 f_pix: 2.7810e-01 
2023-12-04 14:53:53,221 INFO: [debug..][epoch:  0, iter:     213, lr:(1.000e-03,)] [eta: 21:57:19, time (data): 0.100 (0.010)] l_pix: 3.8789e-02 f_pix: 2.6080e-01 
2023-12-04 14:53:53,330 INFO: [debug..][epoch:  0, iter:     214, lr:(1.000e-03,)] [eta: 21:55:26, time (data): 0.100 (0.011)] l_pix: 3.2486e-02 f_pix: 2.5292e-01 
2023-12-04 14:53:53,427 INFO: [debug..][epoch:  0, iter:     215, lr:(1.000e-03,)] [eta: 21:53:04, time (data): 0.100 (0.011)] l_pix: 4.1012e-02 f_pix: 2.5354e-01 
2023-12-04 14:53:53,530 INFO: [debug..][epoch:  0, iter:     216, lr:(1.000e-03,)] [eta: 21:50:56, time (data): 0.100 (0.011)] l_pix: 3.3794e-02 f_pix: 2.5331e-01 
2023-12-04 14:53:53,530 INFO: Saving models and training states.
2023-12-04 14:53:53,980 INFO: Validation Set5
	 # psnr: 11.1370	Best: 11.1370 @ 216 iter
	 # ssim: 0.1047	Best: 0.1047 @ 216 iter

2023-12-04 14:53:54,094 INFO: [debug..][epoch:  0, iter:     217, lr:(1.000e-03,)] [eta: 22:06:30, time (data): 0.101 (0.011)] l_pix: 4.1180e-02 f_pix: 2.5698e-01 
2023-12-04 14:53:54,188 INFO: [debug..][epoch:  0, iter:     218, lr:(1.000e-03,)] [eta: 22:04:00, time (data): 0.101 (0.011)] l_pix: 4.2159e-02 f_pix: 3.1166e-01 
2023-12-04 14:53:54,281 INFO: [debug..][epoch:  0, iter:     219, lr:(1.000e-03,)] [eta: 22:01:30, time (data): 0.100 (0.010)] l_pix: 4.4633e-02 f_pix: 2.9397e-01 
2023-12-04 14:53:54,383 INFO: [debug..][epoch:  0, iter:     220, lr:(1.000e-03,)] [eta: 21:59:22, time (data): 0.100 (0.010)] l_pix: 3.8277e-02 f_pix: 2.6786e-01 
2023-12-04 14:53:54,485 INFO: [debug..][epoch:  0, iter:     221, lr:(1.000e-03,)] [eta: 21:57:16, time (data): 0.100 (0.011)] l_pix: 4.0960e-02 f_pix: 2.9071e-01 
2023-12-04 14:53:54,592 INFO: [debug..][epoch:  0, iter:     222, lr:(1.000e-03,)] [eta: 21:55:21, time (data): 0.101 (0.011)] l_pix: 3.4322e-02 f_pix: 2.2572e-01 
2023-12-04 14:53:54,692 INFO: [debug..][epoch:  0, iter:     223, lr:(1.000e-03,)] [eta: 21:53:12, time (data): 0.101 (0.011)] l_pix: 3.4488e-02 f_pix: 2.5845e-01 
2023-12-04 14:53:54,792 INFO: [debug..][epoch:  0, iter:     224, lr:(1.000e-03,)] [eta: 21:51:04, time (data): 0.101 (0.011)] l_pix: 3.7574e-02 f_pix: 2.6825e-01 
2023-12-04 14:53:54,793 INFO: Saving models and training states.
2023-12-04 14:53:55,235 INFO: Validation Set5
	 # psnr: 11.2317	Best: 11.2317 @ 224 iter
	 # ssim: 0.1073	Best: 0.1073 @ 224 iter

2023-12-04 14:53:55,351 INFO: [debug..][epoch:  0, iter:     225, lr:(1.000e-03,)] [eta: 22:05:50, time (data): 0.101 (0.011)] l_pix: 3.5558e-02 f_pix: 2.5808e-01 
2023-12-04 14:53:55,448 INFO: [debug..][epoch:  0, iter:     226, lr:(1.000e-03,)] [eta: 22:03:33, time (data): 0.101 (0.011)] l_pix: 3.7180e-02 f_pix: 2.7853e-01 
2023-12-04 14:53:55,552 INFO: [debug..][epoch:  0, iter:     227, lr:(1.000e-03,)] [eta: 22:01:33, time (data): 0.101 (0.011)] l_pix: 3.8752e-02 f_pix: 2.5763e-01 
2023-12-04 14:53:55,657 INFO: [debug..][epoch:  0, iter:     228, lr:(1.000e-03,)] [eta: 21:59:37, time (data): 0.101 (0.011)] l_pix: 3.2248e-02 f_pix: 2.3372e-01 
2023-12-04 14:53:55,761 INFO: [debug..][epoch:  0, iter:     229, lr:(1.000e-03,)] [eta: 21:57:38, time (data): 0.101 (0.011)] l_pix: 3.3562e-02 f_pix: 2.3430e-01 
2023-12-04 14:53:55,865 INFO: [debug..][epoch:  0, iter:     230, lr:(1.000e-03,)] [eta: 21:55:40, time (data): 0.101 (0.011)] l_pix: 3.8831e-02 f_pix: 2.8391e-01 
2023-12-04 14:53:55,960 INFO: [debug..][epoch:  0, iter:     231, lr:(1.000e-03,)] [eta: 21:53:24, time (data): 0.101 (0.011)] l_pix: 3.1835e-02 f_pix: 2.4419e-01 
2023-12-04 14:53:56,058 INFO: [debug..][epoch:  0, iter:     232, lr:(1.000e-03,)] [eta: 21:51:16, time (data): 0.101 (0.011)] l_pix: 3.1120e-02 f_pix: 2.3861e-01 
2023-12-04 14:53:56,058 INFO: Saving models and training states.
2023-12-04 14:53:56,503 INFO: Validation Set5
	 # psnr: 11.3272	Best: 11.3272 @ 232 iter
	 # ssim: 0.1099	Best: 0.1099 @ 232 iter

2023-12-04 14:53:56,622 INFO: [debug..][epoch:  0, iter:     233, lr:(1.000e-03,)] [eta: 22:05:43, time (data): 0.102 (0.011)] l_pix: 3.1683e-02 f_pix: 2.3244e-01 
2023-12-04 14:53:56,717 INFO: [debug..][epoch:  0, iter:     234, lr:(1.000e-03,)] [eta: 22:03:28, time (data): 0.101 (0.011)] l_pix: 3.6555e-02 f_pix: 2.6969e-01 
2023-12-04 14:53:56,814 INFO: [debug..][epoch:  0, iter:     235, lr:(1.000e-03,)] [eta: 22:01:17, time (data): 0.101 (0.011)] l_pix: 3.6281e-02 f_pix: 2.4847e-01 
2023-12-04 14:53:56,915 INFO: [debug..][epoch:  0, iter:     236, lr:(1.000e-03,)] [eta: 21:59:15, time (data): 0.101 (0.011)] l_pix: 3.3663e-02 f_pix: 2.5669e-01 
2023-12-04 14:53:57,022 INFO: [debug..][epoch:  0, iter:     237, lr:(1.000e-03,)] [eta: 21:57:27, time (data): 0.101 (0.011)] l_pix: 4.0112e-02 f_pix: 2.8009e-01 
2023-12-04 14:53:57,125 INFO: [debug..][epoch:  0, iter:     238, lr:(1.000e-03,)] [eta: 21:55:31, time (data): 0.101 (0.011)] l_pix: 3.2049e-02 f_pix: 2.2391e-01 
2023-12-04 14:53:57,230 INFO: [debug..][epoch:  0, iter:     239, lr:(1.000e-03,)] [eta: 21:53:40, time (data): 0.102 (0.011)] l_pix: 3.6312e-02 f_pix: 2.5905e-01 
2023-12-04 14:53:57,330 INFO: [debug..][epoch:  0, iter:     240, lr:(1.000e-03,)] [eta: 21:51:40, time (data): 0.101 (0.011)] l_pix: 3.7807e-02 f_pix: 2.6889e-01 
2023-12-04 14:53:57,330 INFO: Saving models and training states.
2023-12-04 14:53:57,817 INFO: Validation Set5
	 # psnr: 11.4241	Best: 11.4241 @ 240 iter
	 # ssim: 0.1126	Best: 0.1126 @ 240 iter

2023-12-04 14:53:57,926 INFO: [debug..][epoch:  0, iter:     241, lr:(1.000e-03,)] [eta: 22:06:46, time (data): 0.102 (0.011)] l_pix: 3.8243e-02 f_pix: 2.8751e-01 
2023-12-04 14:53:58,020 INFO: [debug..][epoch:  0, iter:     242, lr:(1.000e-03,)] [eta: 22:04:31, time (data): 0.101 (0.011)] l_pix: 3.9996e-02 f_pix: 3.0684e-01 
2023-12-04 14:53:58,114 INFO: [debug..][epoch:  0, iter:     243, lr:(1.000e-03,)] [eta: 22:02:19, time (data): 0.101 (0.011)] l_pix: 3.8029e-02 f_pix: 2.8421e-01 
2023-12-04 14:53:58,214 INFO: [debug..][epoch:  0, iter:     244, lr:(1.000e-03,)] [eta: 22:00:18, time (data): 0.101 (0.011)] l_pix: 3.3693e-02 f_pix: 2.4695e-01 
2023-12-04 14:53:58,314 INFO: [debug..][epoch:  0, iter:     245, lr:(1.000e-03,)] [eta: 21:58:19, time (data): 0.101 (0.011)] l_pix: 3.5163e-02 f_pix: 2.5034e-01 
2023-12-04 14:53:58,415 INFO: [debug..][epoch:  0, iter:     246, lr:(1.000e-03,)] [eta: 21:56:23, time (data): 0.101 (0.011)] l_pix: 3.3705e-02 f_pix: 2.6352e-01 
2023-12-04 14:53:58,512 INFO: [debug..][epoch:  0, iter:     247, lr:(1.000e-03,)] [eta: 21:54:20, time (data): 0.101 (0.011)] l_pix: 3.7254e-02 f_pix: 2.6781e-01 
2023-12-04 14:53:58,612 INFO: [debug..][epoch:  0, iter:     248, lr:(1.000e-03,)] [eta: 21:52:23, time (data): 0.101 (0.011)] l_pix: 3.4766e-02 f_pix: 2.6421e-01 
2023-12-04 14:53:58,612 INFO: Saving models and training states.
2023-12-04 14:53:59,064 INFO: Validation Set5
	 # psnr: 11.5225	Best: 11.5225 @ 248 iter
	 # ssim: 0.1154	Best: 0.1154 @ 248 iter

2023-12-04 14:53:59,188 INFO: [debug..][epoch:  0, iter:     249, lr:(1.000e-03,)] [eta: 22:06:20, time (data): 0.102 (0.011)] l_pix: 3.5511e-02 f_pix: 2.5308e-01 
2023-12-04 14:53:59,287 INFO: [debug..][epoch:  0, iter:     250, lr:(1.000e-03,)] [eta: 22:04:21, time (data): 0.101 (0.011)] l_pix: 3.6479e-02 f_pix: 2.6780e-01 
2023-12-04 14:53:59,388 INFO: [debug..][epoch:  0, iter:     251, lr:(1.000e-03,)] [eta: 22:02:26, time (data): 0.101 (0.011)] l_pix: 3.5395e-02 f_pix: 2.5503e-01 
2023-12-04 14:53:59,489 INFO: [debug..][epoch:  0, iter:     252, lr:(1.000e-03,)] [eta: 22:00:30, time (data): 0.101 (0.011)] l_pix: 2.9707e-02 f_pix: 2.2541e-01 
2023-12-04 14:53:59,589 INFO: [debug..][epoch:  0, iter:     253, lr:(1.000e-03,)] [eta: 21:58:36, time (data): 0.101 (0.011)] l_pix: 3.3230e-02 f_pix: 2.4374e-01 
2023-12-04 14:53:59,691 INFO: [debug..][epoch:  0, iter:     254, lr:(1.000e-03,)] [eta: 21:56:45, time (data): 0.101 (0.011)] l_pix: 2.9432e-02 f_pix: 2.1961e-01 
2023-12-04 14:53:59,787 INFO: [debug..][epoch:  0, iter:     255, lr:(1.000e-03,)] [eta: 21:54:43, time (data): 0.101 (0.011)] l_pix: 3.1589e-02 f_pix: 2.2694e-01 
2023-12-04 14:53:59,887 INFO: [debug..][epoch:  0, iter:     256, lr:(1.000e-03,)] [eta: 21:52:51, time (data): 0.101 (0.011)] l_pix: 3.6687e-02 f_pix: 2.8134e-01 
2023-12-04 14:53:59,887 INFO: Saving models and training states.
2023-12-04 14:54:00,340 INFO: Validation Set5
	 # psnr: 11.6225	Best: 11.6225 @ 256 iter
	 # ssim: 0.1182	Best: 0.1182 @ 256 iter

2023-12-04 14:54:00,453 INFO: [debug..][epoch:  0, iter:     257, lr:(1.000e-03,)] [eta: 22:06:03, time (data): 0.101 (0.011)] l_pix: 3.5653e-02 f_pix: 2.6844e-01 
2023-12-04 14:54:00,555 INFO: [debug..][epoch:  0, iter:     258, lr:(1.000e-03,)] [eta: 22:04:11, time (data): 0.101 (0.011)] l_pix: 3.1864e-02 f_pix: 2.4911e-01 
2023-12-04 14:54:00,649 INFO: [debug..][epoch:  0, iter:     259, lr:(1.000e-03,)] [eta: 22:02:07, time (data): 0.101 (0.011)] l_pix: 3.4294e-02 f_pix: 2.6163e-01 
2023-12-04 14:54:00,747 INFO: [debug..][epoch:  0, iter:     260, lr:(1.000e-03,)] [eta: 22:00:10, time (data): 0.101 (0.010)] l_pix: 3.7957e-02 f_pix: 2.9690e-01 
2023-12-04 14:54:00,847 INFO: [debug..][epoch:  0, iter:     261, lr:(1.000e-03,)] [eta: 21:58:18, time (data): 0.101 (0.010)] l_pix: 3.5888e-02 f_pix: 2.7830e-01 
2023-12-04 14:54:00,951 INFO: [debug..][epoch:  0, iter:     262, lr:(1.000e-03,)] [eta: 21:56:34, time (data): 0.101 (0.011)] l_pix: 3.5781e-02 f_pix: 2.8780e-01 
2023-12-04 14:54:01,047 INFO: [debug..][epoch:  0, iter:     263, lr:(1.000e-03,)] [eta: 21:54:37, time (data): 0.101 (0.011)] l_pix: 3.7305e-02 f_pix: 2.9294e-01 
2023-12-04 14:54:01,145 INFO: [debug..][epoch:  0, iter:     264, lr:(1.000e-03,)] [eta: 21:52:44, time (data): 0.101 (0.010)] l_pix: 2.8706e-02 f_pix: 2.2016e-01 
2023-12-04 14:54:01,145 INFO: Saving models and training states.
2023-12-04 14:54:01,600 INFO: Validation Set5
	 # psnr: 11.7239	Best: 11.7239 @ 264 iter
	 # ssim: 0.1212	Best: 0.1212 @ 264 iter

2023-12-04 14:54:01,714 INFO: [debug..][epoch:  0, iter:     265, lr:(1.000e-03,)] [eta: 22:05:36, time (data): 0.101 (0.010)] l_pix: 3.1711e-02 f_pix: 2.6341e-01 
2023-12-04 14:54:01,814 INFO: [debug..][epoch:  0, iter:     266, lr:(1.000e-03,)] [eta: 22:03:46, time (data): 0.101 (0.011)] l_pix: 3.1458e-02 f_pix: 2.5290e-01 
2023-12-04 14:54:01,911 INFO: [debug..][epoch:  0, iter:     267, lr:(1.000e-03,)] [eta: 22:01:50, time (data): 0.101 (0.011)] l_pix: 3.2892e-02 f_pix: 2.7281e-01 
2023-12-04 14:54:02,010 INFO: [debug..][epoch:  0, iter:     268, lr:(1.000e-03,)] [eta: 21:59:59, time (data): 0.101 (0.010)] l_pix: 3.2465e-02 f_pix: 2.5457e-01 
2023-12-04 14:54:02,110 INFO: [debug..][epoch:  0, iter:     269, lr:(1.000e-03,)] [eta: 21:58:10, time (data): 0.101 (0.010)] l_pix: 2.7773e-02 f_pix: 2.2723e-01 
2023-12-04 14:54:02,216 INFO: [debug..][epoch:  0, iter:     270, lr:(1.000e-03,)] [eta: 21:56:34, time (data): 0.101 (0.011)] l_pix: 2.9272e-02 f_pix: 2.3817e-01 
2023-12-04 14:54:02,312 INFO: [debug..][epoch:  0, iter:     271, lr:(1.000e-03,)] [eta: 21:54:41, time (data): 0.101 (0.011)] l_pix: 3.0670e-02 f_pix: 2.5039e-01 
2023-12-04 14:54:02,410 INFO: [debug..][epoch:  0, iter:     272, lr:(1.000e-03,)] [eta: 21:52:51, time (data): 0.101 (0.010)] l_pix: 2.9496e-02 f_pix: 2.3753e-01 
2023-12-04 14:54:02,410 INFO: Saving models and training states.
2023-12-04 14:54:02,861 INFO: Validation Set5
	 # psnr: 11.8276	Best: 11.8276 @ 272 iter
	 # ssim: 0.1241	Best: 0.1241 @ 272 iter

2023-12-04 14:54:02,980 INFO: [debug..][epoch:  0, iter:     273, lr:(1.000e-03,)] [eta: 22:05:22, time (data): 0.101 (0.011)] l_pix: 2.9846e-02 f_pix: 2.3895e-01 
2023-12-04 14:54:03,075 INFO: [debug..][epoch:  0, iter:     274, lr:(1.000e-03,)] [eta: 22:03:25, time (data): 0.101 (0.010)] l_pix: 3.4002e-02 f_pix: 2.8119e-01 
2023-12-04 14:54:03,169 INFO: [debug..][epoch:  0, iter:     275, lr:(1.000e-03,)] [eta: 22:01:27, time (data): 0.101 (0.010)] l_pix: 3.4101e-02 f_pix: 2.7794e-01 
2023-12-04 14:54:03,267 INFO: [debug..][epoch:  0, iter:     276, lr:(1.000e-03,)] [eta: 21:59:38, time (data): 0.101 (0.010)] l_pix: 3.2624e-02 f_pix: 2.5328e-01 
2023-12-04 14:54:03,367 INFO: [debug..][epoch:  0, iter:     277, lr:(1.000e-03,)] [eta: 21:57:53, time (data): 0.101 (0.010)] l_pix: 3.3444e-02 f_pix: 2.6630e-01 
2023-12-04 14:54:03,473 INFO: [debug..][epoch:  0, iter:     278, lr:(1.000e-03,)] [eta: 21:56:19, time (data): 0.101 (0.010)] l_pix: 2.6952e-02 f_pix: 2.0984e-01 
2023-12-04 14:54:03,569 INFO: [debug..][epoch:  0, iter:     279, lr:(1.000e-03,)] [eta: 21:54:28, time (data): 0.101 (0.010)] l_pix: 2.8844e-02 f_pix: 2.3961e-01 
2023-12-04 14:54:03,670 INFO: [debug..][epoch:  0, iter:     280, lr:(1.000e-03,)] [eta: 21:52:48, time (data): 0.101 (0.010)] l_pix: 3.5662e-02 f_pix: 2.9099e-01 
2023-12-04 14:54:03,671 INFO: Saving models and training states.
2023-12-04 14:54:04,132 INFO: Validation Set5
	 # psnr: 11.9335	Best: 11.9335 @ 280 iter
	 # ssim: 0.1272	Best: 0.1272 @ 280 iter

2023-12-04 14:54:04,240 INFO: [debug..][epoch:  0, iter:     281, lr:(1.000e-03,)] [eta: 22:04:58, time (data): 0.101 (0.010)] l_pix: 2.6841e-02 f_pix: 2.2417e-01 
2023-12-04 14:54:04,335 INFO: [debug..][epoch:  0, iter:     282, lr:(1.000e-03,)] [eta: 22:03:04, time (data): 0.101 (0.010)] l_pix: 3.1681e-02 f_pix: 2.5942e-01 
2023-12-04 14:54:04,428 INFO: [debug..][epoch:  0, iter:     283, lr:(1.000e-03,)] [eta: 22:01:09, time (data): 0.101 (0.010)] l_pix: 3.2088e-02 f_pix: 2.5263e-01 
2023-12-04 14:54:04,526 INFO: [debug..][epoch:  0, iter:     284, lr:(1.000e-03,)] [eta: 21:59:22, time (data): 0.101 (0.010)] l_pix: 3.2220e-02 f_pix: 2.6251e-01 
2023-12-04 14:54:04,627 INFO: [debug..][epoch:  0, iter:     285, lr:(1.000e-03,)] [eta: 21:57:42, time (data): 0.101 (0.010)] l_pix: 3.5462e-02 f_pix: 2.9744e-01 
2023-12-04 14:54:04,732 INFO: [debug..][epoch:  0, iter:     286, lr:(1.000e-03,)] [eta: 21:56:09, time (data): 0.101 (0.010)] l_pix: 3.6707e-02 f_pix: 2.9901e-01 
2023-12-04 14:54:04,827 INFO: [debug..][epoch:  0, iter:     287, lr:(1.000e-03,)] [eta: 21:54:20, time (data): 0.101 (0.010)] l_pix: 3.1281e-02 f_pix: 2.6244e-01 
2023-12-04 14:54:04,925 INFO: [debug..][epoch:  0, iter:     288, lr:(1.000e-03,)] [eta: 21:52:36, time (data): 0.101 (0.010)] l_pix: 3.1448e-02 f_pix: 2.5224e-01 
2023-12-04 14:54:04,925 INFO: Saving models and training states.
2023-12-04 14:54:05,383 INFO: Validation Set5
	 # psnr: 12.0424	Best: 12.0424 @ 288 iter
	 # ssim: 0.1304	Best: 0.1304 @ 288 iter

2023-12-04 14:54:05,497 INFO: [debug..][epoch:  0, iter:     289, lr:(1.000e-03,)] [eta: 22:04:29, time (data): 0.101 (0.010)] l_pix: 2.8875e-02 f_pix: 2.3218e-01 
2023-12-04 14:54:05,591 INFO: [debug..][epoch:  0, iter:     290, lr:(1.000e-03,)] [eta: 22:02:38, time (data): 0.101 (0.010)] l_pix: 3.5476e-02 f_pix: 2.8876e-01 
2023-12-04 14:54:05,685 INFO: [debug..][epoch:  0, iter:     291, lr:(1.000e-03,)] [eta: 22:00:46, time (data): 0.101 (0.010)] l_pix: 3.4922e-02 f_pix: 2.7917e-01 
2023-12-04 14:54:05,782 INFO: [debug..][epoch:  0, iter:     292, lr:(1.000e-03,)] [eta: 21:59:02, time (data): 0.101 (0.010)] l_pix: 3.8087e-02 f_pix: 2.9830e-01 
2023-12-04 14:54:05,883 INFO: [debug..][epoch:  0, iter:     293, lr:(1.000e-03,)] [eta: 21:57:23, time (data): 0.101 (0.010)] l_pix: 3.3531e-02 f_pix: 2.7016e-01 
2023-12-04 14:54:05,988 INFO: [debug..][epoch:  0, iter:     294, lr:(1.000e-03,)] [eta: 21:55:54, time (data): 0.101 (0.010)] l_pix: 3.4880e-02 f_pix: 2.7971e-01 
2023-12-04 14:54:06,083 INFO: [debug..][epoch:  0, iter:     295, lr:(1.000e-03,)] [eta: 21:54:07, time (data): 0.101 (0.010)] l_pix: 3.3393e-02 f_pix: 2.6047e-01 
2023-12-04 14:54:06,184 INFO: [debug..][epoch:  0, iter:     296, lr:(1.000e-03,)] [eta: 21:52:31, time (data): 0.101 (0.010)] l_pix: 3.2886e-02 f_pix: 2.6042e-01 
2023-12-04 14:54:06,184 INFO: Saving models and training states.
2023-12-04 14:54:06,769 INFO: Validation Set5
	 # psnr: 12.1540	Best: 12.1540 @ 296 iter
	 # ssim: 0.1336	Best: 0.1336 @ 296 iter

2023-12-04 14:54:06,879 INFO: [debug..][epoch:  0, iter:     297, lr:(1.000e-03,)] [eta: 22:07:32, time (data): 0.101 (0.010)] l_pix: 3.3021e-02 f_pix: 2.7624e-01 
2023-12-04 14:54:06,972 INFO: [debug..][epoch:  0, iter:     298, lr:(1.000e-03,)] [eta: 22:05:41, time (data): 0.101 (0.010)] l_pix: 3.5333e-02 f_pix: 2.8184e-01 
2023-12-04 14:54:07,065 INFO: [debug..][epoch:  0, iter:     299, lr:(1.000e-03,)] [eta: 22:03:51, time (data): 0.101 (0.010)] l_pix: 3.6147e-02 f_pix: 2.9534e-01 
2023-12-04 14:54:07,165 INFO: [debug..][epoch:  0, iter:     300, lr:(1.000e-03,)] [eta: 22:02:13, time (data): 0.101 (0.010)] l_pix: 3.5167e-02 f_pix: 2.9035e-01 
2023-12-04 14:54:07,268 INFO: [debug..][epoch:  0, iter:     301, lr:(1.000e-03,)] [eta: 22:00:40, time (data): 0.101 (0.010)] l_pix: 3.0179e-02 f_pix: 2.3802e-01 
2023-12-04 14:54:07,373 INFO: [debug..][epoch:  0, iter:     302, lr:(1.000e-03,)] [eta: 21:59:12, time (data): 0.101 (0.010)] l_pix: 2.8522e-02 f_pix: 2.3458e-01 
2023-12-04 14:54:07,468 INFO: [debug..][epoch:  0, iter:     303, lr:(1.000e-03,)] [eta: 21:57:27, time (data): 0.101 (0.010)] l_pix: 2.9467e-02 f_pix: 2.4047e-01 
2023-12-04 14:54:07,565 INFO: [debug..][epoch:  0, iter:     304, lr:(1.000e-03,)] [eta: 21:55:47, time (data): 0.101 (0.010)] l_pix: 3.2776e-02 f_pix: 2.6533e-01 
2023-12-04 14:54:07,565 INFO: Saving models and training states.
2023-12-04 14:54:08,074 INFO: Validation Set5
	 # psnr: 12.2682	Best: 12.2682 @ 304 iter
	 # ssim: 0.1369	Best: 0.1369 @ 304 iter

2023-12-04 14:54:08,194 INFO: [debug..][epoch:  0, iter:     305, lr:(1.000e-03,)] [eta: 22:08:36, time (data): 0.101 (0.010)] l_pix: 3.8328e-02 f_pix: 3.1413e-01 
2023-12-04 14:54:08,288 INFO: [debug..][epoch:  0, iter:     306, lr:(1.000e-03,)] [eta: 22:06:49, time (data): 0.101 (0.010)] l_pix: 3.5299e-02 f_pix: 2.6707e-01 
2023-12-04 14:54:08,382 INFO: [debug..][epoch:  0, iter:     307, lr:(1.000e-03,)] [eta: 22:05:03, time (data): 0.101 (0.010)] l_pix: 3.2741e-02 f_pix: 2.6096e-01 
2023-12-04 14:54:08,481 INFO: [debug..][epoch:  0, iter:     308, lr:(1.000e-03,)] [eta: 22:03:25, time (data): 0.101 (0.010)] l_pix: 3.4489e-02 f_pix: 2.7023e-01 
2023-12-04 14:54:08,584 INFO: [debug..][epoch:  0, iter:     309, lr:(1.000e-03,)] [eta: 22:01:56, time (data): 0.101 (0.010)] l_pix: 3.0443e-02 f_pix: 2.4704e-01 
2023-12-04 14:54:08,691 INFO: [debug..][epoch:  0, iter:     310, lr:(1.000e-03,)] [eta: 22:00:33, time (data): 0.101 (0.010)] l_pix: 3.2947e-02 f_pix: 2.6590e-01 
2023-12-04 14:54:08,785 INFO: [debug..][epoch:  0, iter:     311, lr:(1.000e-03,)] [eta: 21:58:48, time (data): 0.101 (0.010)] l_pix: 3.1073e-02 f_pix: 2.5715e-01 
2023-12-04 14:54:08,881 INFO: [debug..][epoch:  0, iter:     312, lr:(1.000e-03,)] [eta: 21:57:09, time (data): 0.101 (0.010)] l_pix: 3.1063e-02 f_pix: 2.4969e-01 
2023-12-04 14:54:08,881 INFO: Saving models and training states.
2023-12-04 14:54:09,356 INFO: Validation Set5
	 # psnr: 12.3849	Best: 12.3849 @ 312 iter
	 # ssim: 0.1403	Best: 0.1403 @ 312 iter

2023-12-04 14:54:09,473 INFO: [debug..][epoch:  0, iter:     313, lr:(1.000e-03,)] [eta: 22:08:39, time (data): 0.101 (0.010)] l_pix: 3.0497e-02 f_pix: 2.4924e-01 
2023-12-04 14:54:09,566 INFO: [debug..][epoch:  0, iter:     314, lr:(1.000e-03,)] [eta: 22:06:53, time (data): 0.101 (0.010)] l_pix: 3.2823e-02 f_pix: 2.7199e-01 
2023-12-04 14:54:09,665 INFO: [debug..][epoch:  0, iter:     315, lr:(1.000e-03,)] [eta: 22:05:18, time (data): 0.101 (0.010)] l_pix: 2.8771e-02 f_pix: 2.3631e-01 
2023-12-04 14:54:09,763 INFO: [debug..][epoch:  0, iter:     316, lr:(1.000e-03,)] [eta: 22:03:41, time (data): 0.101 (0.010)] l_pix: 3.0363e-02 f_pix: 2.4391e-01 
2023-12-04 14:54:09,865 INFO: [debug..][epoch:  0, iter:     317, lr:(1.000e-03,)] [eta: 22:02:12, time (data): 0.101 (0.010)] l_pix: 3.5523e-02 f_pix: 2.6263e-01 
2023-12-04 14:54:09,965 INFO: [debug..][epoch:  0, iter:     318, lr:(1.000e-03,)] [eta: 22:00:40, time (data): 0.101 (0.010)] l_pix: 3.8123e-02 f_pix: 3.0787e-01 
2023-12-04 14:54:10,060 INFO: [debug..][epoch:  0, iter:     319, lr:(1.000e-03,)] [eta: 21:58:59, time (data): 0.101 (0.010)] l_pix: 3.1424e-02 f_pix: 2.6308e-01 
2023-12-04 14:54:10,157 INFO: [debug..][epoch:  0, iter:     320, lr:(1.000e-03,)] [eta: 21:57:24, time (data): 0.101 (0.010)] l_pix: 3.5766e-02 f_pix: 2.7457e-01 
2023-12-04 14:54:10,157 INFO: Saving models and training states.
2023-12-04 14:54:10,614 INFO: Validation Set5
	 # psnr: 12.5028	Best: 12.5028 @ 320 iter
	 # ssim: 0.1438	Best: 0.1438 @ 320 iter

2023-12-04 14:54:10,725 INFO: [debug..][epoch:  0, iter:     321, lr:(1.000e-03,)] [eta: 22:08:00, time (data): 0.101 (0.010)] l_pix: 3.3919e-02 f_pix: 2.6776e-01 
2023-12-04 14:54:10,820 INFO: [debug..][epoch:  0, iter:     322, lr:(1.000e-03,)] [eta: 22:06:21, time (data): 0.101 (0.010)] l_pix: 3.1034e-02 f_pix: 2.4800e-01 
2023-12-04 14:54:10,915 INFO: [debug..][epoch:  0, iter:     323, lr:(1.000e-03,)] [eta: 22:04:41, time (data): 0.101 (0.010)] l_pix: 3.1367e-02 f_pix: 2.4930e-01 
2023-12-04 14:54:11,013 INFO: [debug..][epoch:  0, iter:     324, lr:(1.000e-03,)] [eta: 22:03:07, time (data): 0.101 (0.010)] l_pix: 3.6507e-02 f_pix: 2.7635e-01 
2023-12-04 14:54:11,114 INFO: [debug..][epoch:  0, iter:     325, lr:(1.000e-03,)] [eta: 22:01:38, time (data): 0.101 (0.010)] l_pix: 3.3449e-02 f_pix: 2.6639e-01 
2023-12-04 14:54:11,216 INFO: [debug..][epoch:  0, iter:     326, lr:(1.000e-03,)] [eta: 22:00:12, time (data): 0.101 (0.010)] l_pix: 3.7181e-02 f_pix: 2.8069e-01 
2023-12-04 14:54:11,310 INFO: [debug..][epoch:  0, iter:     327, lr:(1.000e-03,)] [eta: 21:58:33, time (data): 0.100 (0.010)] l_pix: 3.4988e-02 f_pix: 2.5015e-01 
2023-12-04 14:54:11,408 INFO: [debug..][epoch:  0, iter:     328, lr:(1.000e-03,)] [eta: 21:57:01, time (data): 0.100 (0.010)] l_pix: 3.8746e-02 f_pix: 3.1173e-01 
2023-12-04 14:54:11,408 INFO: Saving models and training states.
